\BOOKMARK [0][-]{chapter.1}{Introducci\363n}{}% 1
\BOOKMARK [0][-]{chapter.2}{Planteamiento del problema}{}% 2
\BOOKMARK [0][-]{chapter.3}{Marco te\363rico conceptual}{}% 3
\BOOKMARK [1][-]{section.3.1}{Videojuego}{chapter.3}% 4
\BOOKMARK [2][-]{subsection.3.1.1}{\277Qu\351 es un videojuego?}{section.3.1}% 5
\BOOKMARK [2][-]{subsection.3.1.2}{Clasificacion de los videojuegos}{section.3.1}% 6
\BOOKMARK [2][-]{subsection.3.1.3}{Industria del videojuego en M\351xico}{section.3.1}% 7
\BOOKMARK [1][-]{section.3.2}{Videojuegos l\372dicos}{chapter.3}% 8
\BOOKMARK [1][-]{section.3.3}{Desarrollo de videojuegos}{chapter.3}% 9
\BOOKMARK [2][-]{subsection.3.3.1}{Metodologias de desarrollo}{section.3.3}% 10
\BOOKMARK [2][-]{subsection.3.3.2}{Pipeline}{section.3.3}% 11
\BOOKMARK [2][-]{subsection.3.3.3}{Motores gr\341ficos}{section.3.3}% 12
\BOOKMARK [2][-]{subsection.3.3.4}{Software auxiliar}{section.3.3}% 13
\BOOKMARK [1][-]{section.3.4}{Cultura}{chapter.3}% 14
\BOOKMARK [1][-]{section.3.5}{Cultura Digital}{chapter.3}% 15
\BOOKMARK [0][-]{chapter.4}{Estado del arte}{}% 16
\BOOKMARK [0][-]{chapter.5}{Trabajo realizado}{}% 17
\BOOKMARK [1][-]{subsection.5.0.1}{Documento de dise\361o}{chapter.5}% 18
\BOOKMARK [1][-]{section.5.1}{Investigaci\363n para el manejo de Unity}{chapter.5}% 19
\BOOKMARK [1][-]{section.5.2}{Diagramas}{chapter.5}% 20
\BOOKMARK [1][-]{section.5.3}{Programaci\363n de niveles / Creaci\363n de niveles}{chapter.5}% 21
\BOOKMARK [0][-]{chapter.6}{Resultados obtenidos}{}% 22
\BOOKMARK [0][-]{chapter.7}{Observaciones}{}% 23
\BOOKMARK [0][-]{chapter.8}{Bibliografia}{}% 24
\BOOKMARK [0][-]{chapter.9}{Anexos}{}% 25
