\BOOKMARK [1][-]{section.1}{Concepto}{}% 1
\BOOKMARK [2][-]{subsection.1.1}{T\355tulo:}{section.1}% 2
\BOOKMARK [2][-]{subsection.1.2}{Dise\361adoras:}{section.1}% 3
\BOOKMARK [2][-]{subsection.1.3}{G\351nero:}{section.1}% 4
\BOOKMARK [2][-]{subsection.1.4}{Plataforma:}{section.1}% 5
\BOOKMARK [2][-]{subsection.1.5}{Versi\363n:}{section.1}% 6
\BOOKMARK [2][-]{subsection.1.6}{Sinopsis de jugabilidad:}{section.1}% 7
\BOOKMARK [2][-]{subsection.1.7}{Sinopsis de contenido:}{section.1}% 8
\BOOKMARK [2][-]{subsection.1.8}{Categor\355a:}{section.1}% 9
\BOOKMARK [2][-]{subsection.1.9}{Licencia:}{section.1}% 10
\BOOKMARK [2][-]{subsection.1.10}{Mec\341nica:}{section.1}% 11
\BOOKMARK [2][-]{subsection.1.11}{Tecnolog\355a:}{section.1}% 12
\BOOKMARK [2][-]{subsection.1.12}{P\372blico:}{section.1}% 13
\BOOKMARK [1][-]{section.2}{Historial de versiones}{}% 14
\BOOKMARK [1][-]{section.3}{Visi\363n general del juego}{}% 15
\BOOKMARK [1][-]{section.4}{Mec\341nica de juego}{}% 16
\BOOKMARK [2][-]{subsection.4.1}{C\341mara}{section.4}% 17
\BOOKMARK [2][-]{subsection.4.2}{Perif\351ricos}{section.4}% 18
\BOOKMARK [2][-]{subsection.4.3}{Controles}{section.4}% 19
\BOOKMARK [2][-]{subsection.4.4}{Guardar/Cargar}{section.4}% 20
\BOOKMARK [1][-]{section.5}{Estados del juego}{}% 21
\BOOKMARK [1][-]{section.6}{Interfaces}{}% 22
\BOOKMARK [2][-]{subsection.6.1}{Interfaz 1.00 Pantalla de inicio.}{section.6}% 23
\BOOKMARK [3][-]{subsubsection.6.1.1}{Descripci\363n de la pantalla}{subsection.6.1}% 24
\BOOKMARK [3][-]{subsubsection.6.1.2}{Estados del juego}{subsection.6.1}% 25
\BOOKMARK [3][-]{subsubsection.6.1.3}{Imagen}{subsection.6.1}% 26
\BOOKMARK [2][-]{subsection.6.2}{Interfaz 2.00 Men\372 principal.}{section.6}% 27
\BOOKMARK [3][-]{subsubsection.6.2.1}{Descripci\363n de la pantalla}{subsection.6.2}% 28
\BOOKMARK [3][-]{subsubsection.6.2.2}{Estados del juego}{subsection.6.2}% 29
\BOOKMARK [3][-]{subsubsection.6.2.3}{Imagen}{subsection.6.2}% 30
\BOOKMARK [2][-]{subsection.6.3}{Interfaz 3.00 Selecci\363n de nivel}{section.6}% 31
\BOOKMARK [3][-]{subsubsection.6.3.1}{Descripci\363n de la pantalla}{subsection.6.3}% 32
\BOOKMARK [3][-]{subsubsection.6.3.2}{Estados del juego}{subsection.6.3}% 33
\BOOKMARK [3][-]{subsubsection.6.3.3}{Imagen}{subsection.6.3}% 34
\BOOKMARK [1][-]{section.7}{Niveles}{}% 35
\BOOKMARK [2][-]{subsection.7.1}{Nivel 1}{section.7}% 36
\BOOKMARK [3][-]{subsubsection.7.1.1}{T\355tulo del nivel}{subsection.7.1}% 37
\BOOKMARK [3][-]{subsubsection.7.1.2}{Encuentro}{subsection.7.1}% 38
\BOOKMARK [3][-]{subsubsection.7.1.3}{Descripci\363n}{subsection.7.1}% 39
\BOOKMARK [3][-]{subsubsection.7.1.4}{Objetivos}{subsection.7.1}% 40
\BOOKMARK [3][-]{subsubsection.7.1.5}{Progreso}{subsection.7.1}% 41
\BOOKMARK [3][-]{subsubsection.7.1.6}{Enemigos}{subsection.7.1}% 42
\BOOKMARK [3][-]{subsubsection.7.1.7}{Items}{subsection.7.1}% 43
\BOOKMARK [3][-]{subsubsection.7.1.8}{Personajes}{subsection.7.1}% 44
\BOOKMARK [3][-]{subsubsection.7.1.9}{Escenario}{subsection.7.1}% 45
\BOOKMARK [3][-]{subsubsection.7.1.10}{M\372sica y efectos de sonido}{subsection.7.1}% 46
\BOOKMARK [3][-]{subsubsection.7.1.11}{Referencia a BGM y SFX}{subsection.7.1}% 47
\BOOKMARK [2][-]{subsection.7.2}{Nivel 2}{section.7}% 48
\BOOKMARK [3][-]{subsubsection.7.2.1}{T\355tulo del nivel}{subsection.7.2}% 49
\BOOKMARK [3][-]{subsubsection.7.2.2}{Encuentro}{subsection.7.2}% 50
\BOOKMARK [3][-]{subsubsection.7.2.3}{Descripci\363n}{subsection.7.2}% 51
\BOOKMARK [3][-]{subsubsection.7.2.4}{Objetivos}{subsection.7.2}% 52
\BOOKMARK [3][-]{subsubsection.7.2.5}{Progreso}{subsection.7.2}% 53
\BOOKMARK [3][-]{subsubsection.7.2.6}{Enemigos}{subsection.7.2}% 54
\BOOKMARK [3][-]{subsubsection.7.2.7}{Items}{subsection.7.2}% 55
\BOOKMARK [3][-]{subsubsection.7.2.8}{Personajes}{subsection.7.2}% 56
\BOOKMARK [3][-]{subsubsection.7.2.9}{Escenario}{subsection.7.2}% 57
\BOOKMARK [3][-]{subsubsection.7.2.10}{M\372sica y efectos de sonido}{subsection.7.2}% 58
\BOOKMARK [3][-]{subsubsection.7.2.11}{Referencia a BGM y SFX}{subsection.7.2}% 59
\BOOKMARK [2][-]{subsection.7.3}{Nivel 3}{section.7}% 60
\BOOKMARK [3][-]{subsubsection.7.3.1}{T\355tulo del nivel}{subsection.7.3}% 61
\BOOKMARK [3][-]{subsubsection.7.3.2}{Encuentro}{subsection.7.3}% 62
\BOOKMARK [3][-]{subsubsection.7.3.3}{Descripci\363n}{subsection.7.3}% 63
\BOOKMARK [3][-]{subsubsection.7.3.4}{Objetivos}{subsection.7.3}% 64
\BOOKMARK [3][-]{subsubsection.7.3.5}{Progreso}{subsection.7.3}% 65
\BOOKMARK [3][-]{subsubsection.7.3.6}{Enemigos}{subsection.7.3}% 66
\BOOKMARK [3][-]{subsubsection.7.3.7}{Items}{subsection.7.3}% 67
\BOOKMARK [3][-]{subsubsection.7.3.8}{Personajes}{subsection.7.3}% 68
\BOOKMARK [3][-]{subsubsection.7.3.9}{Escenario}{subsection.7.3}% 69
\BOOKMARK [3][-]{subsubsection.7.3.10}{M\372sica y efectos de sonido}{subsection.7.3}% 70
\BOOKMARK [3][-]{subsubsection.7.3.11}{Referencia a BGM y SFX}{subsection.7.3}% 71
\BOOKMARK [2][-]{subsection.7.4}{Nivel 4}{section.7}% 72
\BOOKMARK [3][-]{subsubsection.7.4.1}{T\355tulo del nivel}{subsection.7.4}% 73
\BOOKMARK [3][-]{subsubsection.7.4.2}{Encuentro}{subsection.7.4}% 74
\BOOKMARK [3][-]{subsubsection.7.4.3}{Descripci\363n}{subsection.7.4}% 75
\BOOKMARK [3][-]{subsubsection.7.4.4}{Objetivos}{subsection.7.4}% 76
\BOOKMARK [3][-]{subsubsection.7.4.5}{Progreso}{subsection.7.4}% 77
\BOOKMARK [3][-]{subsubsection.7.4.6}{Enemigos}{subsection.7.4}% 78
\BOOKMARK [3][-]{subsubsection.7.4.7}{Items}{subsection.7.4}% 79
\BOOKMARK [3][-]{subsubsection.7.4.8}{Personajes}{subsection.7.4}% 80
\BOOKMARK [3][-]{subsubsection.7.4.9}{Escenario}{subsection.7.4}% 81
\BOOKMARK [3][-]{subsubsection.7.4.10}{M\372sica y efectos de sonido}{subsection.7.4}% 82
\BOOKMARK [3][-]{subsubsection.7.4.11}{Referencia a BGM y SFX}{subsection.7.4}% 83
\BOOKMARK [2][-]{subsection.7.5}{Nivel 5}{section.7}% 84
\BOOKMARK [3][-]{subsubsection.7.5.1}{T\355tulo del nivel}{subsection.7.5}% 85
\BOOKMARK [3][-]{subsubsection.7.5.2}{Encuentro}{subsection.7.5}% 86
\BOOKMARK [3][-]{subsubsection.7.5.3}{Descripci\363n}{subsection.7.5}% 87
\BOOKMARK [3][-]{subsubsection.7.5.4}{Objetivos}{subsection.7.5}% 88
\BOOKMARK [3][-]{subsubsection.7.5.5}{Progreso}{subsection.7.5}% 89
\BOOKMARK [3][-]{subsubsection.7.5.6}{Enemigos}{subsection.7.5}% 90
\BOOKMARK [3][-]{subsubsection.7.5.7}{Items}{subsection.7.5}% 91
\BOOKMARK [3][-]{subsubsection.7.5.8}{Personajes}{subsection.7.5}% 92
\BOOKMARK [3][-]{subsubsection.7.5.9}{Escenario}{subsection.7.5}% 93
\BOOKMARK [3][-]{subsubsection.7.5.10}{M\372sica y efectos de sonido}{subsection.7.5}% 94
\BOOKMARK [3][-]{subsubsection.7.5.11}{Referencia a BGM y SFX}{subsection.7.5}% 95
\BOOKMARK [2][-]{subsection.7.6}{Nivel 6}{section.7}% 96
\BOOKMARK [3][-]{subsubsection.7.6.1}{T\355tulo del nivel}{subsection.7.6}% 97
\BOOKMARK [3][-]{subsubsection.7.6.2}{Encuentro}{subsection.7.6}% 98
\BOOKMARK [3][-]{subsubsection.7.6.3}{Descripci\363n}{subsection.7.6}% 99
\BOOKMARK [3][-]{subsubsection.7.6.4}{Objetivos}{subsection.7.6}% 100
\BOOKMARK [3][-]{subsubsection.7.6.5}{Progreso}{subsection.7.6}% 101
\BOOKMARK [3][-]{subsubsection.7.6.6}{Enemigos}{subsection.7.6}% 102
\BOOKMARK [3][-]{subsubsection.7.6.7}{Items}{subsection.7.6}% 103
\BOOKMARK [3][-]{subsubsection.7.6.8}{Personajes}{subsection.7.6}% 104
\BOOKMARK [3][-]{subsubsection.7.6.9}{Escenario}{subsection.7.6}% 105
\BOOKMARK [3][-]{subsubsection.7.6.10}{M\372sica y efectos de sonido}{subsection.7.6}% 106
\BOOKMARK [3][-]{subsubsection.7.6.11}{Referencia a BGM y SFX}{subsection.7.6}% 107
\BOOKMARK [2][-]{subsection.7.7}{Nivel 7}{section.7}% 108
\BOOKMARK [3][-]{subsubsection.7.7.1}{T\355tulo del nivel}{subsection.7.7}% 109
\BOOKMARK [3][-]{subsubsection.7.7.2}{Encuentro}{subsection.7.7}% 110
\BOOKMARK [3][-]{subsubsection.7.7.3}{Descripci\363n}{subsection.7.7}% 111
\BOOKMARK [3][-]{subsubsection.7.7.4}{Objetivos}{subsection.7.7}% 112
\BOOKMARK [3][-]{subsubsection.7.7.5}{Progreso}{subsection.7.7}% 113
\BOOKMARK [3][-]{subsubsection.7.7.6}{Enemigos}{subsection.7.7}% 114
\BOOKMARK [3][-]{subsubsection.7.7.7}{Items}{subsection.7.7}% 115
\BOOKMARK [3][-]{subsubsection.7.7.8}{Personajes}{subsection.7.7}% 116
\BOOKMARK [3][-]{subsubsection.7.7.9}{Escenario}{subsection.7.7}% 117
\BOOKMARK [3][-]{subsubsection.7.7.10}{M\372sica y efectos de sonido}{subsection.7.7}% 118
\BOOKMARK [3][-]{subsubsection.7.7.11}{Referencia a BGM y SFX}{subsection.7.7}% 119
\BOOKMARK [2][-]{subsection.7.8}{Nivel 8}{section.7}% 120
\BOOKMARK [3][-]{subsubsection.7.8.1}{T\355tulo del nivel}{subsection.7.8}% 121
\BOOKMARK [3][-]{subsubsection.7.8.2}{Encuentro}{subsection.7.8}% 122
\BOOKMARK [3][-]{subsubsection.7.8.3}{Descripci\363n}{subsection.7.8}% 123
\BOOKMARK [3][-]{subsubsection.7.8.4}{Objetivos}{subsection.7.8}% 124
\BOOKMARK [3][-]{subsubsection.7.8.5}{Progreso}{subsection.7.8}% 125
\BOOKMARK [3][-]{subsubsection.7.8.6}{Enemigos}{subsection.7.8}% 126
\BOOKMARK [3][-]{subsubsection.7.8.7}{Items}{subsection.7.8}% 127
\BOOKMARK [3][-]{subsubsection.7.8.8}{Personajes}{subsection.7.8}% 128
\BOOKMARK [3][-]{subsubsection.7.8.9}{Escenario}{subsection.7.8}% 129
\BOOKMARK [3][-]{subsubsection.7.8.10}{M\372sica y efectos de sonido}{subsection.7.8}% 130
\BOOKMARK [3][-]{subsubsection.7.8.11}{Referencia a BGM y SFX}{subsection.7.8}% 131
\BOOKMARK [2][-]{subsection.7.9}{Nivel 9}{section.7}% 132
\BOOKMARK [3][-]{subsubsection.7.9.1}{T\355tulo del nivel}{subsection.7.9}% 133
\BOOKMARK [3][-]{subsubsection.7.9.2}{Encuentro}{subsection.7.9}% 134
\BOOKMARK [3][-]{subsubsection.7.9.3}{Descripci\363n}{subsection.7.9}% 135
\BOOKMARK [3][-]{subsubsection.7.9.4}{Objetivos}{subsection.7.9}% 136
\BOOKMARK [3][-]{subsubsection.7.9.5}{Progreso}{subsection.7.9}% 137
\BOOKMARK [3][-]{subsubsection.7.9.6}{Enemigos}{subsection.7.9}% 138
\BOOKMARK [3][-]{subsubsection.7.9.7}{Items}{subsection.7.9}% 139
\BOOKMARK [3][-]{subsubsection.7.9.8}{Personajes}{subsection.7.9}% 140
\BOOKMARK [3][-]{subsubsection.7.9.9}{Escenario}{subsection.7.9}% 141
\BOOKMARK [3][-]{subsubsection.7.9.10}{M\372sica y efectos de sonido}{subsection.7.9}% 142
\BOOKMARK [3][-]{subsubsection.7.9.11}{Referencia a BGM y SFX}{subsection.7.9}% 143
\BOOKMARK [2][-]{subsection.7.10}{Nivel 10}{section.7}% 144
\BOOKMARK [3][-]{subsubsection.7.10.1}{T\355tulo del nivel}{subsection.7.10}% 145
\BOOKMARK [3][-]{subsubsection.7.10.2}{Encuentro}{subsection.7.10}% 146
\BOOKMARK [3][-]{subsubsection.7.10.3}{Descripci\363n}{subsection.7.10}% 147
\BOOKMARK [3][-]{subsubsection.7.10.4}{Objetivos}{subsection.7.10}% 148
\BOOKMARK [3][-]{subsubsection.7.10.5}{Progreso}{subsection.7.10}% 149
\BOOKMARK [3][-]{subsubsection.7.10.6}{Enemigos}{subsection.7.10}% 150
\BOOKMARK [3][-]{subsubsection.7.10.7}{Items}{subsection.7.10}% 151
\BOOKMARK [3][-]{subsubsection.7.10.8}{Personajes}{subsection.7.10}% 152
\BOOKMARK [3][-]{subsubsection.7.10.9}{Escenario}{subsection.7.10}% 153
\BOOKMARK [3][-]{subsubsection.7.10.10}{M\372sica y efectos de sonido}{subsection.7.10}% 154
\BOOKMARK [3][-]{subsubsection.7.10.11}{Referencia a BGM y SFX}{subsection.7.10}% 155
\BOOKMARK [1][-]{section.8}{Progreso del juego}{}% 156
\BOOKMARK [1][-]{section.9}{Personajes}{}% 157
\BOOKMARK [2][-]{subsection.9.1}{Nombre: Malinalli Ten\351pal.}{section.9}% 158
\BOOKMARK [3][-]{subsubsection.9.1.1}{Descripci\363n:}{subsection.9.1}% 159
\BOOKMARK [3][-]{subsubsection.9.1.2}{Imagen}{subsection.9.1}% 160
\BOOKMARK [3][-]{subsubsection.9.1.3}{Concepto:}{subsection.9.1}% 161
\BOOKMARK [3][-]{subsubsection.9.1.4}{Encuentro:}{subsection.9.1}% 162
\BOOKMARK [3][-]{subsubsection.9.1.5}{Habilidades:}{subsection.9.1}% 163
\BOOKMARK [3][-]{subsubsection.9.1.6}{Armas:}{subsection.9.1}% 164
\BOOKMARK [3][-]{subsubsection.9.1.7}{\315tems:}{subsection.9.1}% 165
\BOOKMARK [2][-]{subsection.9.2}{Nombre: X\363lotl}{section.9}% 166
\BOOKMARK [3][-]{subsubsection.9.2.1}{Descripci\363n:}{subsection.9.2}% 167
\BOOKMARK [3][-]{subsubsection.9.2.2}{Status:}{subsection.9.2}% 168
\BOOKMARK [3][-]{subsubsection.9.2.3}{Imagen}{subsection.9.2}% 169
\BOOKMARK [3][-]{subsubsection.9.2.4}{Concepto:}{subsection.9.2}% 170
\BOOKMARK [3][-]{subsubsection.9.2.5}{Encuentro:}{subsection.9.2}% 171
\BOOKMARK [3][-]{subsubsection.9.2.6}{Habilidades:}{subsection.9.2}% 172
\BOOKMARK [3][-]{subsubsection.9.2.7}{Armas:}{subsection.9.2}% 173
\BOOKMARK [3][-]{subsubsection.9.2.8}{\315tems:}{subsection.9.2}% 174
\BOOKMARK [3][-]{subsubsection.9.2.9}{Personaje No-Jugable}{subsection.9.2}% 175
\BOOKMARK [2][-]{subsection.9.3}{Nombre: Xochit\363nal}{section.9}% 176
\BOOKMARK [3][-]{subsubsection.9.3.1}{Descripci\363n:}{subsection.9.3}% 177
\BOOKMARK [3][-]{subsubsection.9.3.2}{Status:}{subsection.9.3}% 178
\BOOKMARK [3][-]{subsubsection.9.3.3}{Imagen}{subsection.9.3}% 179
\BOOKMARK [3][-]{subsubsection.9.3.4}{Concepto:}{subsection.9.3}% 180
\BOOKMARK [3][-]{subsubsection.9.3.5}{Encuentro:}{subsection.9.3}% 181
\BOOKMARK [3][-]{subsubsection.9.3.6}{Habilidades:}{subsection.9.3}% 182
\BOOKMARK [3][-]{subsubsection.9.3.7}{Armas:}{subsection.9.3}% 183
\BOOKMARK [3][-]{subsubsection.9.3.8}{\315tems:}{subsection.9.3}% 184
\BOOKMARK [2][-]{subsection.9.4}{Nombre: Tepey\363llotl}{section.9}% 185
\BOOKMARK [3][-]{subsubsection.9.4.1}{Descripci\363n:}{subsection.9.4}% 186
\BOOKMARK [3][-]{subsubsection.9.4.2}{Status:}{subsection.9.4}% 187
\BOOKMARK [3][-]{subsubsection.9.4.3}{Imagen}{subsection.9.4}% 188
\BOOKMARK [3][-]{subsubsection.9.4.4}{Concepto:}{subsection.9.4}% 189
\BOOKMARK [3][-]{subsubsection.9.4.5}{Encuentro:}{subsection.9.4}% 190
\BOOKMARK [3][-]{subsubsection.9.4.6}{Habilidades:}{subsection.9.4}% 191
\BOOKMARK [3][-]{subsubsection.9.4.7}{Armas:}{subsection.9.4}% 192
\BOOKMARK [3][-]{subsubsection.9.4.8}{\315tems:}{subsection.9.4}% 193
\BOOKMARK [2][-]{subsection.9.5}{Nombre: Itzp\341palotl}{section.9}% 194
\BOOKMARK [3][-]{subsubsection.9.5.1}{Descripci\363n:}{subsection.9.5}% 195
\BOOKMARK [3][-]{subsubsection.9.5.2}{Status:}{subsection.9.5}% 196
\BOOKMARK [3][-]{subsubsection.9.5.3}{Imagen}{subsection.9.5}% 197
\BOOKMARK [3][-]{subsubsection.9.5.4}{Concepto:}{subsection.9.5}% 198
\BOOKMARK [3][-]{subsubsection.9.5.5}{Encuentro:}{subsection.9.5}% 199
\BOOKMARK [3][-]{subsubsection.9.5.6}{Habilidades:}{subsection.9.5}% 200
\BOOKMARK [3][-]{subsubsection.9.5.7}{Armas:}{subsection.9.5}% 201
\BOOKMARK [3][-]{subsubsection.9.5.8}{\315tems:}{subsection.9.5}% 202
\BOOKMARK [2][-]{subsection.9.6}{Nombre: Mictlecayotl}{section.9}% 203
\BOOKMARK [3][-]{subsubsection.9.6.1}{Descripci\363n:}{subsection.9.6}% 204
\BOOKMARK [3][-]{subsubsection.9.6.2}{Status:}{subsection.9.6}% 205
\BOOKMARK [3][-]{subsubsection.9.6.3}{Imagen}{subsection.9.6}% 206
\BOOKMARK [3][-]{subsubsection.9.6.4}{Concepto:}{subsection.9.6}% 207
\BOOKMARK [3][-]{subsubsection.9.6.5}{Encuentro:}{subsection.9.6}% 208
\BOOKMARK [3][-]{subsubsection.9.6.6}{Habilidades:}{subsection.9.6}% 209
\BOOKMARK [3][-]{subsubsection.9.6.7}{Armas:}{subsection.9.6}% 210
\BOOKMARK [3][-]{subsubsection.9.6.8}{\315tems:}{subsection.9.6}% 211
\BOOKMARK [2][-]{subsection.9.7}{Nombre: Tlazolt\351otl}{section.9}% 212
\BOOKMARK [3][-]{subsubsection.9.7.1}{Descripci\363n: }{subsection.9.7}% 213
\BOOKMARK [3][-]{subsubsection.9.7.2}{Status:}{subsection.9.7}% 214
\BOOKMARK [3][-]{subsubsection.9.7.3}{Imagen}{subsection.9.7}% 215
\BOOKMARK [3][-]{subsubsection.9.7.4}{Concepto:}{subsection.9.7}% 216
\BOOKMARK [3][-]{subsubsection.9.7.5}{Encuentro:}{subsection.9.7}% 217
\BOOKMARK [3][-]{subsubsection.9.7.6}{Habilidades:}{subsection.9.7}% 218
\BOOKMARK [3][-]{subsubsection.9.7.7}{Armas:}{subsection.9.7}% 219
\BOOKMARK [3][-]{subsubsection.9.7.8}{\315tems:}{subsection.9.7}% 220
\BOOKMARK [2][-]{subsection.9.8}{Nombre: Itztlacoliuhqui}{section.9}% 221
\BOOKMARK [3][-]{subsubsection.9.8.1}{Descripci\363n:}{subsection.9.8}% 222
\BOOKMARK [3][-]{subsubsection.9.8.2}{Status:}{subsection.9.8}% 223
\BOOKMARK [3][-]{subsubsection.9.8.3}{Imagen}{subsection.9.8}% 224
\BOOKMARK [3][-]{subsubsection.9.8.4}{Concepto:}{subsection.9.8}% 225
\BOOKMARK [3][-]{subsubsection.9.8.5}{Encuentro:}{subsection.9.8}% 226
\BOOKMARK [3][-]{subsubsection.9.8.6}{Habilidades:}{subsection.9.8}% 227
\BOOKMARK [3][-]{subsubsection.9.8.7}{Armas:}{subsection.9.8}% 228
\BOOKMARK [3][-]{subsubsection.9.8.8}{\315tems:}{subsection.9.8}% 229
\BOOKMARK [2][-]{subsection.9.9}{Nombre: Nexoxcho}{section.9}% 230
\BOOKMARK [3][-]{subsubsection.9.9.1}{Descripci\363n:}{subsection.9.9}% 231
\BOOKMARK [3][-]{subsubsection.9.9.2}{Status:}{subsection.9.9}% 232
\BOOKMARK [3][-]{subsubsection.9.9.3}{Imagen}{subsection.9.9}% 233
\BOOKMARK [3][-]{subsubsection.9.9.4}{Concepto:}{subsection.9.9}% 234
\BOOKMARK [3][-]{subsubsection.9.9.5}{Encuentro:}{subsection.9.9}% 235
\BOOKMARK [3][-]{subsubsection.9.9.6}{Habilidades:}{subsection.9.9}% 236
\BOOKMARK [3][-]{subsubsection.9.9.7}{Armas:}{subsection.9.9}% 237
\BOOKMARK [3][-]{subsubsection.9.9.8}{\315tems:}{subsection.9.9}% 238
\BOOKMARK [2][-]{subsection.9.10}{Nombre: Mictlantecutli}{section.9}% 239
\BOOKMARK [3][-]{subsubsection.9.10.1}{Descripci\363n:}{subsection.9.10}% 240
\BOOKMARK [3][-]{subsubsection.9.10.2}{Status:}{subsection.9.10}% 241
\BOOKMARK [3][-]{subsubsection.9.10.3}{Imagen}{subsection.9.10}% 242
\BOOKMARK [3][-]{subsubsection.9.10.4}{Concepto:}{subsection.9.10}% 243
\BOOKMARK [3][-]{subsubsection.9.10.5}{Encuentro:}{subsection.9.10}% 244
\BOOKMARK [3][-]{subsubsection.9.10.6}{Habilidades:}{subsection.9.10}% 245
\BOOKMARK [3][-]{subsubsection.9.10.7}{Armas:}{subsection.9.10}% 246
\BOOKMARK [3][-]{subsubsection.9.10.8}{\315tems:}{subsection.9.10}% 247
\BOOKMARK [3][-]{subsubsection.9.10.9}{Habilidades:}{subsection.9.10}% 248
\BOOKMARK [3][-]{subsubsection.9.10.10}{Armas:}{subsection.9.10}% 249
\BOOKMARK [3][-]{subsubsection.9.10.11}{\315tems:}{subsection.9.10}% 250
\BOOKMARK [3][-]{subsubsection.9.10.12}{Personaje No-Jugable}{subsection.9.10}% 251
\BOOKMARK [2][-]{subsection.9.11}{Nombre: Mictecac\355huatl}{section.9}% 252
\BOOKMARK [3][-]{subsubsection.9.11.1}{Descripci\363n:}{subsection.9.11}% 253
\BOOKMARK [3][-]{subsubsection.9.11.2}{Status}{subsection.9.11}% 254
\BOOKMARK [3][-]{subsubsection.9.11.3}{Imagen}{subsection.9.11}% 255
\BOOKMARK [3][-]{subsubsection.9.11.4}{Concepto:}{subsection.9.11}% 256
\BOOKMARK [3][-]{subsubsection.9.11.5}{Encuentro:}{subsection.9.11}% 257
\BOOKMARK [3][-]{subsubsection.9.11.6}{Habilidades:}{subsection.9.11}% 258
\BOOKMARK [3][-]{subsubsection.9.11.7}{Armas:}{subsection.9.11}% 259
\BOOKMARK [3][-]{subsubsection.9.11.8}{\315tems:}{subsection.9.11}% 260
\BOOKMARK [2][-]{subsection.9.12}{Nombre: Ten\351pal}{section.9}% 261
\BOOKMARK [3][-]{subsubsection.9.12.1}{Descripci\363n:}{subsection.9.12}% 262
\BOOKMARK [3][-]{subsubsection.9.12.2}{Status:}{subsection.9.12}% 263
\BOOKMARK [3][-]{subsubsection.9.12.3}{Imagen}{subsection.9.12}% 264
\BOOKMARK [3][-]{subsubsection.9.12.4}{Concepto:}{subsection.9.12}% 265
\BOOKMARK [3][-]{subsubsection.9.12.5}{Encuentro:}{subsection.9.12}% 266
\BOOKMARK [3][-]{subsubsection.9.12.6}{Habilidades:}{subsection.9.12}% 267
\BOOKMARK [3][-]{subsubsection.9.12.7}{Armas:}{subsection.9.12}% 268
\BOOKMARK [3][-]{subsubsection.9.12.8}{\315tems:}{subsection.9.12}% 269
\BOOKMARK [2][-]{subsection.9.13}{Nombre: Cimatl}{section.9}% 270
\BOOKMARK [3][-]{subsubsection.9.13.1}{Descripci\363n:}{subsection.9.13}% 271
\BOOKMARK [3][-]{subsubsection.9.13.2}{Status:}{subsection.9.13}% 272
\BOOKMARK [3][-]{subsubsection.9.13.3}{Imagen}{subsection.9.13}% 273
\BOOKMARK [3][-]{subsubsection.9.13.4}{Concepto:}{subsection.9.13}% 274
\BOOKMARK [3][-]{subsubsection.9.13.5}{Encuentro:}{subsection.9.13}% 275
\BOOKMARK [3][-]{subsubsection.9.13.6}{Habilidades:}{subsection.9.13}% 276
\BOOKMARK [3][-]{subsubsection.9.13.7}{Armas:}{subsection.9.13}% 277
\BOOKMARK [3][-]{subsubsection.9.13.8}{\315tems:}{subsection.9.13}% 278
\BOOKMARK [2][-]{subsection.9.14}{Nombre: Huenupan}{section.9}% 279
\BOOKMARK [3][-]{subsubsection.9.14.1}{Descripci\363n:}{subsection.9.14}% 280
\BOOKMARK [3][-]{subsubsection.9.14.2}{Status:}{subsection.9.14}% 281
\BOOKMARK [3][-]{subsubsection.9.14.3}{Imagen}{subsection.9.14}% 282
\BOOKMARK [3][-]{subsubsection.9.14.4}{Concepto:}{subsection.9.14}% 283
\BOOKMARK [3][-]{subsubsection.9.14.5}{Encuentro:}{subsection.9.14}% 284
\BOOKMARK [3][-]{subsubsection.9.14.6}{Habilidades:}{subsection.9.14}% 285
\BOOKMARK [3][-]{subsubsection.9.14.7}{Armas:}{subsection.9.14}% 286
\BOOKMARK [3][-]{subsubsection.9.14.8}{\315tems:}{subsection.9.14}% 287
\BOOKMARK [2][-]{subsection.9.15}{Nombre: Quetzalc\363atl}{section.9}% 288
\BOOKMARK [3][-]{subsubsection.9.15.1}{Descripci\363n:}{subsection.9.15}% 289
\BOOKMARK [3][-]{subsubsection.9.15.2}{Status:}{subsection.9.15}% 290
\BOOKMARK [3][-]{subsubsection.9.15.3}{Imagen}{subsection.9.15}% 291
\BOOKMARK [3][-]{subsubsection.9.15.4}{Concepto:}{subsection.9.15}% 292
\BOOKMARK [3][-]{subsubsection.9.15.5}{Encuentro:}{subsection.9.15}% 293
\BOOKMARK [3][-]{subsubsection.9.15.6}{Habilidades:}{subsection.9.15}% 294
\BOOKMARK [3][-]{subsubsection.9.15.7}{Armas:}{subsection.9.15}% 295
\BOOKMARK [3][-]{subsubsection.9.15.8}{\315tems:}{subsection.9.15}% 296
\BOOKMARK [2][-]{subsection.9.16}{Nombre: Ciudadanos}{section.9}% 297
\BOOKMARK [3][-]{subsubsection.9.16.1}{Descripci\363n:}{subsection.9.16}% 298
\BOOKMARK [3][-]{subsubsection.9.16.2}{Status:}{subsection.9.16}% 299
\BOOKMARK [3][-]{subsubsection.9.16.3}{Imagen}{subsection.9.16}% 300
\BOOKMARK [3][-]{subsubsection.9.16.4}{Concepto:}{subsection.9.16}% 301
\BOOKMARK [3][-]{subsubsection.9.16.5}{Encuentro:}{subsection.9.16}% 302
\BOOKMARK [2][-]{subsection.9.17}{Nombre: Tunkuluch\372}{section.9}% 303
\BOOKMARK [3][-]{subsubsection.9.17.1}{Descripci\363n:}{subsection.9.17}% 304
\BOOKMARK [3][-]{subsubsection.9.17.2}{Status:}{subsection.9.17}% 305
\BOOKMARK [3][-]{subsubsection.9.17.3}{Imagen}{subsection.9.17}% 306
\BOOKMARK [3][-]{subsubsection.9.17.4}{Encuentro:}{subsection.9.17}% 307
\BOOKMARK [2][-]{subsection.9.18}{Nombre: Armadillo}{section.9}% 308
\BOOKMARK [3][-]{subsubsection.9.18.1}{Descripci\363n:}{subsection.9.18}% 309
\BOOKMARK [3][-]{subsubsection.9.18.2}{Status:}{subsection.9.18}% 310
\BOOKMARK [3][-]{subsubsection.9.18.3}{Imagen}{subsection.9.18}% 311
\BOOKMARK [3][-]{subsubsection.9.18.4}{Concepto:}{subsection.9.18}% 312
\BOOKMARK [3][-]{subsubsection.9.18.5}{Encuentro:}{subsection.9.18}% 313
\BOOKMARK [3][-]{subsubsection.9.18.6}{Habilidades:}{subsection.9.18}% 314
\BOOKMARK [3][-]{subsubsection.9.18.7}{Patr\363n de ataque:}{subsection.9.18}% 315
\BOOKMARK [2][-]{subsection.9.19}{Nombre: Fantasma rojo}{section.9}% 316
\BOOKMARK [3][-]{subsubsection.9.19.1}{Descripci\363n:}{subsection.9.19}% 317
\BOOKMARK [3][-]{subsubsection.9.19.2}{Status:}{subsection.9.19}% 318
\BOOKMARK [3][-]{subsubsection.9.19.3}{Imagen}{subsection.9.19}% 319
\BOOKMARK [3][-]{subsubsection.9.19.4}{Encuentro:}{subsection.9.19}% 320
\BOOKMARK [3][-]{subsubsection.9.19.5}{Habilidades:}{subsection.9.19}% 321
\BOOKMARK [3][-]{subsubsection.9.19.6}{Patr\363n de ataque:}{subsection.9.19}% 322
\BOOKMARK [2][-]{subsection.9.20}{Nombre: Fantasma morado}{section.9}% 323
\BOOKMARK [3][-]{subsubsection.9.20.1}{Descripci\363n:}{subsection.9.20}% 324
\BOOKMARK [3][-]{subsubsection.9.20.2}{Status:}{subsection.9.20}% 325
\BOOKMARK [3][-]{subsubsection.9.20.3}{Imagen}{subsection.9.20}% 326
\BOOKMARK [3][-]{subsubsection.9.20.4}{Encuentro:}{subsection.9.20}% 327
\BOOKMARK [3][-]{subsubsection.9.20.5}{Habilidades:}{subsection.9.20}% 328
\BOOKMARK [3][-]{subsubsection.9.20.6}{Patr\363n de ataque:}{subsection.9.20}% 329
\BOOKMARK [2][-]{subsection.9.21}{Nombre: Zopilote}{section.9}% 330
\BOOKMARK [3][-]{subsubsection.9.21.1}{Descripci\363n:}{subsection.9.21}% 331
\BOOKMARK [3][-]{subsubsection.9.21.2}{Status:}{subsection.9.21}% 332
\BOOKMARK [3][-]{subsubsection.9.21.3}{Imagen}{subsection.9.21}% 333
\BOOKMARK [3][-]{subsubsection.9.21.4}{Encuentro:}{subsection.9.21}% 334
\BOOKMARK [3][-]{subsubsection.9.21.5}{Habilidades:}{subsection.9.21}% 335
\BOOKMARK [3][-]{subsubsection.9.21.6}{Patr\363n de ataque:}{subsection.9.21}% 336
\BOOKMARK [2][-]{subsection.9.22}{Nombre: Jaguar}{section.9}% 337
\BOOKMARK [3][-]{subsubsection.9.22.1}{Descripci\363n:}{subsection.9.22}% 338
\BOOKMARK [3][-]{subsubsection.9.22.2}{Status:}{subsection.9.22}% 339
\BOOKMARK [3][-]{subsubsection.9.22.3}{Imagen}{subsection.9.22}% 340
\BOOKMARK [3][-]{subsubsection.9.22.4}{Encuentro:}{subsection.9.22}% 341
\BOOKMARK [3][-]{subsubsection.9.22.5}{Habilidades:}{subsection.9.22}% 342
\BOOKMARK [3][-]{subsubsection.9.22.6}{Patr\363n de ataque:}{subsection.9.22}% 343
\BOOKMARK [1][-]{section.10}{Obst\341culos}{}% 344
\BOOKMARK [2][-]{subsection.10.1}{Nombre: Caja}{section.10}% 345
\BOOKMARK [3][-]{subsubsection.10.1.1}{Descripci\363n}{subsection.10.1}% 346
\BOOKMARK [3][-]{subsubsection.10.1.2}{Esquema}{subsection.10.1}% 347
\BOOKMARK [2][-]{subsection.10.2}{Nombre: Sacos cacao}{section.10}% 348
\BOOKMARK [3][-]{subsubsection.10.2.1}{Descripci\363n}{subsection.10.2}% 349
\BOOKMARK [3][-]{subsubsection.10.2.2}{Esquema}{subsection.10.2}% 350
\BOOKMARK [2][-]{subsection.10.3}{Nombre: Plataforma m\363vil}{section.10}% 351
\BOOKMARK [3][-]{subsubsection.10.3.1}{Descripci\363n}{subsection.10.3}% 352
\BOOKMARK [3][-]{subsubsection.10.3.2}{Esquema}{subsection.10.3}% 353
\BOOKMARK [2][-]{subsection.10.4}{Nombre: Plataforma d\351bil}{section.10}% 354
\BOOKMARK [3][-]{subsubsection.10.4.1}{Descripci\363n}{subsection.10.4}% 355
\BOOKMARK [3][-]{subsubsection.10.4.2}{Esquema}{subsection.10.4}% 356
\BOOKMARK [2][-]{subsection.10.5}{Nombre: Rocas}{section.10}% 357
\BOOKMARK [3][-]{subsubsection.10.5.1}{Descripci\363n}{subsection.10.5}% 358
\BOOKMARK [3][-]{subsubsection.10.5.2}{Esquema}{subsection.10.5}% 359
\BOOKMARK [2][-]{subsection.10.6}{Nombre: Viento temporal}{section.10}% 360
\BOOKMARK [3][-]{subsubsection.10.6.1}{Descripci\363n}{subsection.10.6}% 361
\BOOKMARK [3][-]{subsubsection.10.6.2}{Esquema}{subsection.10.6}% 362
\BOOKMARK [2][-]{subsection.10.7}{Nombre: Piedras filosas}{section.10}% 363
\BOOKMARK [3][-]{subsubsection.10.7.1}{Descripci\363n}{subsection.10.7}% 364
\BOOKMARK [3][-]{subsubsection.10.7.2}{Esquema}{subsection.10.7}% 365
\BOOKMARK [2][-]{subsection.10.8}{Nombre: Piso congelado}{section.10}% 366
\BOOKMARK [3][-]{subsubsection.10.8.1}{Descripci\363n}{subsection.10.8}% 367
\BOOKMARK [3][-]{subsubsection.10.8.2}{Esquema}{subsection.10.8}% 368
\BOOKMARK [2][-]{subsection.10.9}{Nombre: Hielo quebradizo}{section.10}% 369
\BOOKMARK [3][-]{subsubsection.10.9.1}{Descripci\363n}{subsection.10.9}% 370
\BOOKMARK [3][-]{subsubsection.10.9.2}{Esquema}{subsection.10.9}% 371
\BOOKMARK [2][-]{subsection.10.10}{Nombre: Bolas de nieve}{section.10}% 372
\BOOKMARK [3][-]{subsubsection.10.10.1}{Descripci\363n}{subsection.10.10}% 373
\BOOKMARK [3][-]{subsubsection.10.10.2}{Esquema}{subsection.10.10}% 374
\BOOKMARK [2][-]{subsection.10.11}{Nombre: Viento multidireccional}{section.10}% 375
\BOOKMARK [3][-]{subsubsection.10.11.1}{Descripci\363n}{subsection.10.11}% 376
\BOOKMARK [3][-]{subsubsection.10.11.2}{Esquema}{subsection.10.11}% 377
\BOOKMARK [2][-]{subsection.10.12}{Nombre: Lluvia de flechas}{section.10}% 378
\BOOKMARK [3][-]{subsubsection.10.12.1}{Descripci\363n}{subsection.10.12}% 379
\BOOKMARK [3][-]{subsubsection.10.12.2}{Esquema}{subsection.10.12}% 380
\BOOKMARK [1][-]{section.11}{Habilidades.}{}% 381
\BOOKMARK [2][-]{subsection.11.1}{Nombre: Rodar.}{section.11}% 382
\BOOKMARK [3][-]{subsubsection.11.1.1}{Descripci\363n}{subsection.11.1}% 383
\BOOKMARK [3][-]{subsubsection.11.1.2}{Portador}{subsection.11.1}% 384
\BOOKMARK [3][-]{subsubsection.11.1.3}{Esquema}{subsection.11.1}% 385
\BOOKMARK [2][-]{subsection.11.2}{Nombre: Desenrrollar.}{section.11}% 386
\BOOKMARK [3][-]{subsubsection.11.2.1}{Descripci\363n}{subsection.11.2}% 387
\BOOKMARK [3][-]{subsubsection.11.2.2}{Portador}{subsection.11.2}% 388
\BOOKMARK [3][-]{subsubsection.11.2.3}{Esquema}{subsection.11.2}% 389
\BOOKMARK [2][-]{subsection.11.3}{Nombre: Disparo rojo.}{section.11}% 390
\BOOKMARK [3][-]{subsubsection.11.3.1}{Descripci\363n}{subsection.11.3}% 391
\BOOKMARK [3][-]{subsubsection.11.3.2}{Portador}{subsection.11.3}% 392
\BOOKMARK [3][-]{subsubsection.11.3.3}{Esquema}{subsection.11.3}% 393
\BOOKMARK [2][-]{subsection.11.4}{Nombre: Flotar en vertical.}{section.11}% 394
\BOOKMARK [3][-]{subsubsection.11.4.1}{Descripci\363n}{subsection.11.4}% 395
\BOOKMARK [3][-]{subsubsection.11.4.2}{Portador}{subsection.11.4}% 396
\BOOKMARK [3][-]{subsubsection.11.4.3}{Esquema}{subsection.11.4}% 397
\BOOKMARK [2][-]{subsection.11.5}{Nombre: Embestida.}{section.11}% 398
\BOOKMARK [3][-]{subsubsection.11.5.1}{Descripci\363n}{subsection.11.5}% 399
\BOOKMARK [3][-]{subsubsection.11.5.2}{Portador}{subsection.11.5}% 400
\BOOKMARK [3][-]{subsubsection.11.5.3}{Esquema}{subsection.11.5}% 401
\BOOKMARK [2][-]{subsection.11.6}{Nombre: Flotar en tri\341ngulo.}{section.11}% 402
\BOOKMARK [3][-]{subsubsection.11.6.1}{Descripci\363n}{subsection.11.6}% 403
\BOOKMARK [3][-]{subsubsection.11.6.2}{Portador}{subsection.11.6}% 404
\BOOKMARK [3][-]{subsubsection.11.6.3}{Esquema}{subsection.11.6}% 405
\BOOKMARK [2][-]{subsection.11.7}{Nombre: Rapto.}{section.11}% 406
\BOOKMARK [3][-]{subsubsection.11.7.1}{Descripci\363n}{subsection.11.7}% 407
\BOOKMARK [3][-]{subsubsection.11.7.2}{Portador}{subsection.11.7}% 408
\BOOKMARK [3][-]{subsubsection.11.7.3}{Esquema}{subsection.11.7}% 409
\BOOKMARK [2][-]{subsection.11.8}{Nombre: Zopilotear.}{section.11}% 410
\BOOKMARK [3][-]{subsubsection.11.8.1}{Descripci\363n}{subsection.11.8}% 411
\BOOKMARK [3][-]{subsubsection.11.8.2}{Portador}{subsection.11.8}% 412
\BOOKMARK [3][-]{subsubsection.11.8.3}{Esquema}{subsection.11.8}% 413
\BOOKMARK [2][-]{subsection.11.9}{Nombre: Zarpazo.}{section.11}% 414
\BOOKMARK [3][-]{subsubsection.11.9.1}{Descripci\363n}{subsection.11.9}% 415
\BOOKMARK [3][-]{subsubsection.11.9.2}{Portador}{subsection.11.9}% 416
\BOOKMARK [3][-]{subsubsection.11.9.3}{Esquema}{subsection.11.9}% 417
\BOOKMARK [2][-]{subsection.11.10}{Nombre: Disparo de tonalli.}{section.11}% 418
\BOOKMARK [3][-]{subsubsection.11.10.1}{Descripci\363n}{subsection.11.10}% 419
\BOOKMARK [3][-]{subsubsection.11.10.2}{Portador}{subsection.11.10}% 420
\BOOKMARK [3][-]{subsubsection.11.10.3}{Esquema}{subsection.11.10}% 421
\BOOKMARK [2][-]{subsection.11.11}{Nombre: Zambullida.}{section.11}% 422
\BOOKMARK [3][-]{subsubsection.11.11.1}{Descripci\363n}{subsection.11.11}% 423
\BOOKMARK [3][-]{subsubsection.11.11.2}{Portador}{subsection.11.11}% 424
\BOOKMARK [3][-]{subsubsection.11.11.3}{Esquema}{subsection.11.11}% 425
\BOOKMARK [2][-]{subsection.11.12}{Nombre: Burbujas.}{section.11}% 426
\BOOKMARK [3][-]{subsubsection.11.12.1}{Descripci\363n}{subsection.11.12}% 427
\BOOKMARK [3][-]{subsubsection.11.12.2}{Portador}{subsection.11.12}% 428
\BOOKMARK [3][-]{subsubsection.11.12.3}{Esquema}{subsection.11.12}% 429
\BOOKMARK [2][-]{subsection.11.13}{Nombre: Coraza.}{section.11}% 430
\BOOKMARK [3][-]{subsubsection.11.13.1}{Descripci\363n}{subsection.11.13}% 431
\BOOKMARK [3][-]{subsubsection.11.13.2}{Portador}{subsection.11.13}% 432
\BOOKMARK [3][-]{subsubsection.11.13.3}{Esquema}{subsection.11.13}% 433
\BOOKMARK [2][-]{subsection.11.14}{Nombre: Impacto.}{section.11}% 434
\BOOKMARK [3][-]{subsubsection.11.14.1}{Descripci\363n}{subsection.11.14}% 435
\BOOKMARK [3][-]{subsubsection.11.14.2}{Portador}{subsection.11.14}% 436
\BOOKMARK [3][-]{subsubsection.11.14.3}{Esquema}{subsection.11.14}% 437
\BOOKMARK [2][-]{subsection.11.15}{Nombre de la habilidad: Luvia de rocas.}{section.11}% 438
\BOOKMARK [3][-]{subsubsection.11.15.1}{Descripci\363n}{subsection.11.15}% 439
\BOOKMARK [3][-]{subsubsection.11.15.2}{Portador}{subsection.11.15}% 440
\BOOKMARK [3][-]{subsubsection.11.15.3}{Esquema}{subsection.11.15}% 441
\BOOKMARK [2][-]{subsection.11.16}{Nombre: Rugido aturdidor.}{section.11}% 442
\BOOKMARK [3][-]{subsubsection.11.16.1}{Descripci\363n}{subsection.11.16}% 443
\BOOKMARK [3][-]{subsubsection.11.16.2}{Portador}{subsection.11.16}% 444
\BOOKMARK [3][-]{subsubsection.11.16.3}{Esquema}{subsection.11.16}% 445
\BOOKMARK [2][-]{subsection.11.17}{Nombre: Circulo de fuego.}{section.11}% 446
\BOOKMARK [3][-]{subsubsection.11.17.1}{Descripci\363n}{subsection.11.17}% 447
\BOOKMARK [3][-]{subsubsection.11.17.2}{Portador}{subsection.11.17}% 448
\BOOKMARK [3][-]{subsubsection.11.17.3}{Esquema}{subsection.11.17}% 449
\BOOKMARK [2][-]{subsection.11.18}{Nombre: Embestida aerea.}{section.11}% 450
\BOOKMARK [3][-]{subsubsection.11.18.1}{Descripci\363n}{subsection.11.18}% 451
\BOOKMARK [3][-]{subsubsection.11.18.2}{Portador}{subsection.11.18}% 452
\BOOKMARK [3][-]{subsubsection.11.18.3}{Esquema}{subsection.11.18}% 453
\BOOKMARK [2][-]{subsection.11.19}{Nombre: Invisibilidad.}{section.11}% 454
\BOOKMARK [3][-]{subsubsection.11.19.1}{Descripci\363n}{subsection.11.19}% 455
\BOOKMARK [3][-]{subsubsection.11.19.2}{Portador}{subsection.11.19}% 456
\BOOKMARK [3][-]{subsubsection.11.19.3}{Esquema}{subsection.11.19}% 457
\BOOKMARK [2][-]{subsection.11.20}{Nombre: Tornado.}{section.11}% 458
\BOOKMARK [3][-]{subsubsection.11.20.1}{Descripci\363n}{subsection.11.20}% 459
\BOOKMARK [3][-]{subsubsection.11.20.2}{Portador}{subsection.11.20}% 460
\BOOKMARK [3][-]{subsubsection.11.20.3}{Esquema}{subsection.11.20}% 461
\BOOKMARK [2][-]{subsection.11.21}{Nombre: Ventisca.}{section.11}% 462
\BOOKMARK [3][-]{subsubsection.11.21.1}{Descripci\363n}{subsection.11.21}% 463
\BOOKMARK [3][-]{subsubsection.11.21.2}{Portador}{subsection.11.21}% 464
\BOOKMARK [3][-]{subsubsection.11.21.3}{Esquema}{subsection.11.21}% 465
\BOOKMARK [2][-]{subsection.11.22}{Nombre: Ra\355z del diablo.}{section.11}% 466
\BOOKMARK [3][-]{subsubsection.11.22.1}{Descripci\363n}{subsection.11.22}% 467
\BOOKMARK [3][-]{subsubsection.11.22.2}{Portador}{subsection.11.22}% 468
\BOOKMARK [3][-]{subsubsection.11.22.3}{Esquema}{subsection.11.22}% 469
\BOOKMARK [2][-]{subsection.11.23}{Nombre: Energ\355a corrupta.}{section.11}% 470
\BOOKMARK [3][-]{subsubsection.11.23.1}{Descripci\363n}{subsection.11.23}% 471
\BOOKMARK [3][-]{subsubsection.11.23.2}{Portador}{subsection.11.23}% 472
\BOOKMARK [3][-]{subsubsection.11.23.3}{Esquema}{subsection.11.23}% 473
\BOOKMARK [2][-]{subsection.11.24}{Nombre: Circulo protector.}{section.11}% 474
\BOOKMARK [3][-]{subsubsection.11.24.1}{Descripci\363n}{subsection.11.24}% 475
\BOOKMARK [3][-]{subsubsection.11.24.2}{Portador}{subsection.11.24}% 476
\BOOKMARK [3][-]{subsubsection.11.24.3}{Esquema}{subsection.11.24}% 477
\BOOKMARK [2][-]{subsection.11.25}{Nombre: LLuvia de lava.}{section.11}% 478
\BOOKMARK [3][-]{subsubsection.11.25.1}{Descripci\363n}{subsection.11.25}% 479
\BOOKMARK [3][-]{subsubsection.11.25.2}{Portador}{subsection.11.25}% 480
\BOOKMARK [3][-]{subsubsection.11.25.3}{Esquema}{subsection.11.25}% 481
\BOOKMARK [2][-]{subsection.11.26}{Nombre: Manotazo.}{section.11}% 482
\BOOKMARK [3][-]{subsubsection.11.26.1}{Descripci\363n}{subsection.11.26}% 483
\BOOKMARK [3][-]{subsubsection.11.26.2}{Portador}{subsection.11.26}% 484
\BOOKMARK [3][-]{subsubsection.11.26.3}{Esquema}{subsection.11.26}% 485
\BOOKMARK [2][-]{subsection.11.27}{Nombre: Lluvia de flechas.}{section.11}% 486
\BOOKMARK [3][-]{subsubsection.11.27.1}{Descripci\363n}{subsection.11.27}% 487
\BOOKMARK [3][-]{subsubsection.11.27.2}{Portador}{subsection.11.27}% 488
\BOOKMARK [3][-]{subsubsection.11.27.3}{Esquema}{subsection.11.27}% 489
\BOOKMARK [2][-]{subsection.11.28}{Nombre: Todos los hombres del rey.}{section.11}% 490
\BOOKMARK [3][-]{subsubsection.11.28.1}{Descripci\363n}{subsection.11.28}% 491
\BOOKMARK [3][-]{subsubsection.11.28.2}{Portador}{subsection.11.28}% 492
\BOOKMARK [3][-]{subsubsection.11.28.3}{Esquema}{subsection.11.28}% 493
\BOOKMARK [2][-]{subsection.11.29}{Nombre: Fuego mort\355fero.}{section.11}% 494
\BOOKMARK [3][-]{subsubsection.11.29.1}{Descripci\363n}{subsection.11.29}% 495
\BOOKMARK [3][-]{subsubsection.11.29.2}{Portador}{subsection.11.29}% 496
\BOOKMARK [3][-]{subsubsection.11.29.3}{Esquema}{subsection.11.29}% 497
\BOOKMARK [2][-]{subsection.11.30}{Nombre: Penitencia.}{section.11}% 498
\BOOKMARK [3][-]{subsubsection.11.30.1}{Descripci\363n}{subsection.11.30}% 499
\BOOKMARK [3][-]{subsubsection.11.30.2}{Portador}{subsection.11.30}% 500
\BOOKMARK [3][-]{subsubsection.11.30.3}{Esquema}{subsection.11.30}% 501
\BOOKMARK [1][-]{section.12}{Armas.}{}% 502
\BOOKMARK [2][-]{subsection.12.1}{Nombre: Caracola.}{section.12}% 503
\BOOKMARK [3][-]{subsubsection.12.1.1}{Descripci\363n}{subsection.12.1}% 504
\BOOKMARK [3][-]{subsubsection.12.1.2}{Imagen}{subsection.12.1}% 505
\BOOKMARK [3][-]{subsubsection.12.1.3}{Portador}{subsection.12.1}% 506
\BOOKMARK [2][-]{subsection.12.2}{Nombre: Atardecer de venus.}{section.12}% 507
\BOOKMARK [3][-]{subsubsection.12.2.1}{Descripci\363n}{subsection.12.2}% 508
\BOOKMARK [3][-]{subsubsection.12.2.2}{Imagen}{subsection.12.2}% 509
\BOOKMARK [3][-]{subsubsection.12.2.3}{Portador}{subsection.12.2}% 510
\BOOKMARK [2][-]{subsection.12.3}{Nombre: Matlalpapalotl.}{section.12}% 511
\BOOKMARK [3][-]{subsubsection.12.3.1}{Descripci\363n}{subsection.12.3}% 512
\BOOKMARK [3][-]{subsubsection.12.3.2}{Imagen}{subsection.12.3}% 513
\BOOKMARK [3][-]{subsubsection.12.3.3}{Portador}{subsection.12.3}% 514
\BOOKMARK [2][-]{subsection.12.4}{Nombre: Trepa viento.}{section.12}% 515
\BOOKMARK [3][-]{subsubsection.12.4.1}{Descripci\363n}{subsection.12.4}% 516
\BOOKMARK [3][-]{subsubsection.12.4.2}{Imagen}{subsection.12.4}% 517
\BOOKMARK [3][-]{subsubsection.12.4.3}{Portador}{subsection.12.4}% 518
\BOOKMARK [2][-]{subsection.12.5}{Nombre: Arco solar.}{section.12}% 519
\BOOKMARK [3][-]{subsubsection.12.5.1}{Descripci\363n}{subsection.12.5}% 520
\BOOKMARK [3][-]{subsubsection.12.5.2}{Imagen}{subsection.12.5}% 521
\BOOKMARK [3][-]{subsubsection.12.5.3}{Portador}{subsection.12.5}% 522
\BOOKMARK [1][-]{section.13}{Items.}{}% 523
\BOOKMARK [2][-]{subsection.13.1}{Nombre: Peineta en forma de flor.}{section.13}% 524
\BOOKMARK [3][-]{subsubsection.13.1.1}{Descripci\363n}{subsection.13.1}% 525
\BOOKMARK [3][-]{subsubsection.13.1.2}{Imagen}{subsection.13.1}% 526
\BOOKMARK [3][-]{subsubsection.13.1.3}{Portador}{subsection.13.1}% 527
\BOOKMARK [2][-]{subsection.13.2}{Nombre: Armadura espiritual.}{section.13}% 528
\BOOKMARK [3][-]{subsubsection.13.2.1}{Descripci\363n}{subsection.13.2}% 529
\BOOKMARK [3][-]{subsubsection.13.2.2}{Imagen}{subsection.13.2}% 530
\BOOKMARK [3][-]{subsubsection.13.2.3}{Portador}{subsection.13.2}% 531
\BOOKMARK [1][-]{section.14}{Gui\363n.}{}% 532
\BOOKMARK [1][-]{section.15}{M\372sica y sonidos.}{}% 533
\BOOKMARK [2][-]{subsection.15.1}{M\372sica de fondo}{section.15}% 534
\BOOKMARK [3][-]{subsubsection.15.1.1}{Nombre: M\372sica mercado}{subsection.15.1}% 535
\BOOKMARK [3][-]{subsubsection.15.1.2}{Nombre: M\372sica selva}{subsection.15.1}% 536
\BOOKMARK [3][-]{subsubsection.15.1.3}{Nombre: M\372sica Xolotl}{subsection.15.1}% 537
\BOOKMARK [3][-]{subsubsection.15.1.4}{Nombre: M\372sica plataforma segundo nivel}{subsection.15.1}% 538
\BOOKMARK [3][-]{subsubsection.15.1.5}{Nombre: M\372sica jefe segundo nivel}{subsection.15.1}% 539
\BOOKMARK [3][-]{subsubsection.15.1.6}{Nombre: M\372sica plataforma tercer nivel}{subsection.15.1}% 540
\BOOKMARK [3][-]{subsubsection.15.1.7}{Nombre: M\372sica jefe tercer nivel}{subsection.15.1}% 541
\BOOKMARK [3][-]{subsubsection.15.1.8}{Nombre: M\372sica plataforma cuarto nivel}{subsection.15.1}% 542
\BOOKMARK [3][-]{subsubsection.15.1.9}{Nombre: M\372sica jefe cuarto nivel}{subsection.15.1}% 543
\BOOKMARK [3][-]{subsubsection.15.1.10}{Nombre: M\372sica plataforma quinto nivel}{subsection.15.1}% 544
\BOOKMARK [3][-]{subsubsection.15.1.11}{Nombre: M\372sica jefe quinto nivel}{subsection.15.1}% 545
\BOOKMARK [3][-]{subsubsection.15.1.12}{Nombre: M\372sica plataforma sexto nivel}{subsection.15.1}% 546
\BOOKMARK [3][-]{subsubsection.15.1.13}{Nombre: M\372sica jefe sexto nivel}{subsection.15.1}% 547
\BOOKMARK [2][-]{subsection.15.2}{Efectos de sonido}{section.15}% 548
\BOOKMARK [1][-]{section.16}{Imagenes de concepto.}{}% 549
\BOOKMARK [1][-]{section.17}{Miembros de equipo.}{}% 550
\BOOKMARK [1][-]{section.18}{Detalles de producci\363n.}{}% 551
\BOOKMARK [2][-]{subsection.18.1}{Fecha de inicio.}{section.18}% 552
\BOOKMARK [2][-]{subsection.18.2}{Fecha de terminaci\363n.}{section.18}% 553
\BOOKMARK [2][-]{subsection.18.3}{Presupuesto.}{section.18}% 554
