\BOOKMARK [1][-]{section.1}{Concepto}{}% 1
\BOOKMARK [2][-]{subsection.1.1}{T\355tulo:}{section.1}% 2
\BOOKMARK [2][-]{subsection.1.2}{Dise\361adoras:}{section.1}% 3
\BOOKMARK [2][-]{subsection.1.3}{G\351nero:}{section.1}% 4
\BOOKMARK [2][-]{subsection.1.4}{Plataforma:}{section.1}% 5
\BOOKMARK [2][-]{subsection.1.5}{Versi\363n:}{section.1}% 6
\BOOKMARK [2][-]{subsection.1.6}{Sinopsis de jugabilidad:}{section.1}% 7
\BOOKMARK [2][-]{subsection.1.7}{Sinopsis de contenido:}{section.1}% 8
\BOOKMARK [2][-]{subsection.1.8}{Categor\355a:}{section.1}% 9
\BOOKMARK [2][-]{subsection.1.9}{Licencia:}{section.1}% 10
\BOOKMARK [2][-]{subsection.1.10}{Mec\341nica:}{section.1}% 11
\BOOKMARK [2][-]{subsection.1.11}{Tecnolog\355a:}{section.1}% 12
\BOOKMARK [2][-]{subsection.1.12}{P\372blico:}{section.1}% 13
\BOOKMARK [1][-]{section.2}{Historial de versiones}{}% 14
\BOOKMARK [1][-]{section.3}{Visi\363n general del juego}{}% 15
\BOOKMARK [1][-]{section.4}{Mec\341nica de juego}{}% 16
\BOOKMARK [2][-]{subsection.4.1}{C\341mara}{section.4}% 17
\BOOKMARK [2][-]{subsection.4.2}{Perif\351ricos}{section.4}% 18
\BOOKMARK [2][-]{subsection.4.3}{Controles}{section.4}% 19
\BOOKMARK [2][-]{subsection.4.4}{Guardar}{section.4}% 20
\BOOKMARK [2][-]{subsection.4.5}{Cargar}{section.4}% 21
\BOOKMARK [1][-]{section.5}{Estados del juego}{}% 22
\BOOKMARK [1][-]{section.6}{Interfaces}{}% 23
\BOOKMARK [2][-]{subsection.6.1}{Interfaz 1.00 Pantalla de inicio.}{section.6}% 24
\BOOKMARK [3][-]{subsubsection.6.1.1}{Descripci\363n de la pantalla}{subsection.6.1}% 25
\BOOKMARK [3][-]{subsubsection.6.1.2}{Estados del juego}{subsection.6.1}% 26
\BOOKMARK [3][-]{subsubsection.6.1.3}{Imagen}{subsection.6.1}% 27
\BOOKMARK [2][-]{subsection.6.2}{Interfaz 2.00 Men\372 principal.}{section.6}% 28
\BOOKMARK [3][-]{subsubsection.6.2.1}{Descripci\363n de la pantalla}{subsection.6.2}% 29
\BOOKMARK [3][-]{subsubsection.6.2.2}{Estados del juego}{subsection.6.2}% 30
\BOOKMARK [3][-]{subsubsection.6.2.3}{Imagen}{subsection.6.2}% 31
\BOOKMARK [2][-]{subsection.6.3}{Interfaz 3.00 Selecci\363n de nivel}{section.6}% 32
\BOOKMARK [3][-]{subsubsection.6.3.1}{Descripci\363n de la pantalla}{subsection.6.3}% 33
\BOOKMARK [3][-]{subsubsection.6.3.2}{Estados del juego}{subsection.6.3}% 34
\BOOKMARK [3][-]{subsubsection.6.3.3}{Imagen}{subsection.6.3}% 35
\BOOKMARK [1][-]{section.7}{Niveles}{}% 36
\BOOKMARK [2][-]{subsection.7.1}{Nivel 1}{section.7}% 37
\BOOKMARK [3][-]{subsubsection.7.1.1}{T\355tulo del nivel}{subsection.7.1}% 38
\BOOKMARK [3][-]{subsubsection.7.1.2}{Encuentro}{subsection.7.1}% 39
\BOOKMARK [3][-]{subsubsection.7.1.3}{Descripci\363n}{subsection.7.1}% 40
\BOOKMARK [3][-]{subsubsection.7.1.4}{Objetivos}{subsection.7.1}% 41
\BOOKMARK [3][-]{subsubsection.7.1.5}{Progreso}{subsection.7.1}% 42
\BOOKMARK [3][-]{subsubsection.7.1.6}{Enemigos}{subsection.7.1}% 43
\BOOKMARK [3][-]{subsubsection.7.1.7}{Items}{subsection.7.1}% 44
\BOOKMARK [3][-]{subsubsection.7.1.8}{Personajes}{subsection.7.1}% 45
\BOOKMARK [3][-]{subsubsection.7.1.9}{Fondo, suelo, obst\341culos, objetos de fondo}{subsection.7.1}% 46
\BOOKMARK [3][-]{subsubsection.7.1.10}{M\372sica y efectos de sonido}{subsection.7.1}% 47
\BOOKMARK [3][-]{subsubsection.7.1.11}{Referencia a BGM y SFX}{subsection.7.1}% 48
\BOOKMARK [2][-]{subsection.7.2}{Nivel 2}{section.7}% 49
\BOOKMARK [3][-]{subsubsection.7.2.1}{T\355tulo del nivel}{subsection.7.2}% 50
\BOOKMARK [3][-]{subsubsection.7.2.2}{Encuentro}{subsection.7.2}% 51
\BOOKMARK [3][-]{subsubsection.7.2.3}{Descripci\363n}{subsection.7.2}% 52
\BOOKMARK [3][-]{subsubsection.7.2.4}{Objetivos}{subsection.7.2}% 53
\BOOKMARK [3][-]{subsubsection.7.2.5}{Progreso}{subsection.7.2}% 54
\BOOKMARK [3][-]{subsubsection.7.2.6}{Enemigos}{subsection.7.2}% 55
\BOOKMARK [3][-]{subsubsection.7.2.7}{Items}{subsection.7.2}% 56
\BOOKMARK [3][-]{subsubsection.7.2.8}{Personajes}{subsection.7.2}% 57
\BOOKMARK [3][-]{subsubsection.7.2.9}{Fondo, suelo, obst\341culos, objetos de fondo}{subsection.7.2}% 58
\BOOKMARK [3][-]{subsubsection.7.2.10}{M\372sica y efectos de sonido}{subsection.7.2}% 59
\BOOKMARK [3][-]{subsubsection.7.2.11}{Referencia a BGM y SFX}{subsection.7.2}% 60
\BOOKMARK [2][-]{subsection.7.3}{Nivel 3}{section.7}% 61
\BOOKMARK [3][-]{subsubsection.7.3.1}{T\355tulo del nivel}{subsection.7.3}% 62
\BOOKMARK [3][-]{subsubsection.7.3.2}{Encuentro}{subsection.7.3}% 63
\BOOKMARK [3][-]{subsubsection.7.3.3}{Descripci\363n}{subsection.7.3}% 64
\BOOKMARK [3][-]{subsubsection.7.3.4}{Objetivos}{subsection.7.3}% 65
\BOOKMARK [3][-]{subsubsection.7.3.5}{Progreso}{subsection.7.3}% 66
\BOOKMARK [3][-]{subsubsection.7.3.6}{Enemigos}{subsection.7.3}% 67
\BOOKMARK [3][-]{subsubsection.7.3.7}{Items}{subsection.7.3}% 68
\BOOKMARK [3][-]{subsubsection.7.3.8}{Personajes}{subsection.7.3}% 69
\BOOKMARK [3][-]{subsubsection.7.3.9}{Fondo, suelo, obst\341culos, objetos de fondo}{subsection.7.3}% 70
\BOOKMARK [3][-]{subsubsection.7.3.10}{M\372sica y efectos de sonido}{subsection.7.3}% 71
\BOOKMARK [3][-]{subsubsection.7.3.11}{Referencia a BGM y SFX}{subsection.7.3}% 72
\BOOKMARK [2][-]{subsection.7.4}{Nivel 4}{section.7}% 73
\BOOKMARK [3][-]{subsubsection.7.4.1}{T\355tulo del nivel}{subsection.7.4}% 74
\BOOKMARK [3][-]{subsubsection.7.4.2}{Encuentro}{subsection.7.4}% 75
\BOOKMARK [3][-]{subsubsection.7.4.3}{Descripci\363n}{subsection.7.4}% 76
\BOOKMARK [3][-]{subsubsection.7.4.4}{Objetivos}{subsection.7.4}% 77
\BOOKMARK [3][-]{subsubsection.7.4.5}{Progreso}{subsection.7.4}% 78
\BOOKMARK [3][-]{subsubsection.7.4.6}{Enemigos}{subsection.7.4}% 79
\BOOKMARK [3][-]{subsubsection.7.4.7}{Items}{subsection.7.4}% 80
\BOOKMARK [3][-]{subsubsection.7.4.8}{Personajes}{subsection.7.4}% 81
\BOOKMARK [3][-]{subsubsection.7.4.9}{Fondo, suelo, obst\341culos, objetos de fondo}{subsection.7.4}% 82
\BOOKMARK [3][-]{subsubsection.7.4.10}{M\372sica y efectos de sonido}{subsection.7.4}% 83
\BOOKMARK [3][-]{subsubsection.7.4.11}{Referencia a BGM y SFX}{subsection.7.4}% 84
\BOOKMARK [2][-]{subsection.7.5}{Nivel 5}{section.7}% 85
\BOOKMARK [3][-]{subsubsection.7.5.1}{T\355tulo del nivel}{subsection.7.5}% 86
\BOOKMARK [3][-]{subsubsection.7.5.2}{Encuentro}{subsection.7.5}% 87
\BOOKMARK [3][-]{subsubsection.7.5.3}{Descripci\363n}{subsection.7.5}% 88
\BOOKMARK [3][-]{subsubsection.7.5.4}{Objetivos}{subsection.7.5}% 89
\BOOKMARK [3][-]{subsubsection.7.5.5}{Progreso}{subsection.7.5}% 90
\BOOKMARK [3][-]{subsubsection.7.5.6}{Enemigos}{subsection.7.5}% 91
\BOOKMARK [3][-]{subsubsection.7.5.7}{Items}{subsection.7.5}% 92
\BOOKMARK [3][-]{subsubsection.7.5.8}{Personajes}{subsection.7.5}% 93
\BOOKMARK [3][-]{subsubsection.7.5.9}{Fondo, suelo, obst\341culos, objetos de fondo}{subsection.7.5}% 94
\BOOKMARK [3][-]{subsubsection.7.5.10}{M\372sica y efectos de sonido}{subsection.7.5}% 95
\BOOKMARK [3][-]{subsubsection.7.5.11}{Referencia a BGM y SFX}{subsection.7.5}% 96
\BOOKMARK [2][-]{subsection.7.6}{Nivel 6}{section.7}% 97
\BOOKMARK [3][-]{subsubsection.7.6.1}{T\355tulo del nivel}{subsection.7.6}% 98
\BOOKMARK [3][-]{subsubsection.7.6.2}{Encuentro}{subsection.7.6}% 99
\BOOKMARK [3][-]{subsubsection.7.6.3}{Descripci\363n}{subsection.7.6}% 100
\BOOKMARK [3][-]{subsubsection.7.6.4}{Objetivos}{subsection.7.6}% 101
\BOOKMARK [3][-]{subsubsection.7.6.5}{Progreso}{subsection.7.6}% 102
\BOOKMARK [3][-]{subsubsection.7.6.6}{Enemigos}{subsection.7.6}% 103
\BOOKMARK [3][-]{subsubsection.7.6.7}{Items}{subsection.7.6}% 104
\BOOKMARK [3][-]{subsubsection.7.6.8}{Personajes}{subsection.7.6}% 105
\BOOKMARK [3][-]{subsubsection.7.6.9}{Fondo, suelo, obst\341culos, objetos de fondo}{subsection.7.6}% 106
\BOOKMARK [3][-]{subsubsection.7.6.10}{M\372sica y efectos de sonido}{subsection.7.6}% 107
\BOOKMARK [3][-]{subsubsection.7.6.11}{Referencia a BGM y SFX}{subsection.7.6}% 108
\BOOKMARK [2][-]{subsection.7.7}{Nivel 7}{section.7}% 109
\BOOKMARK [3][-]{subsubsection.7.7.1}{T\355tulo del nivel}{subsection.7.7}% 110
\BOOKMARK [3][-]{subsubsection.7.7.2}{Encuentro}{subsection.7.7}% 111
\BOOKMARK [3][-]{subsubsection.7.7.3}{Descripci\363n}{subsection.7.7}% 112
\BOOKMARK [3][-]{subsubsection.7.7.4}{Objetivos}{subsection.7.7}% 113
\BOOKMARK [3][-]{subsubsection.7.7.5}{Progreso}{subsection.7.7}% 114
\BOOKMARK [3][-]{subsubsection.7.7.6}{Enemigos}{subsection.7.7}% 115
\BOOKMARK [3][-]{subsubsection.7.7.7}{Items}{subsection.7.7}% 116
\BOOKMARK [3][-]{subsubsection.7.7.8}{Personajes}{subsection.7.7}% 117
\BOOKMARK [3][-]{subsubsection.7.7.9}{Fondo, suelo, obst\341culos, objetos de fondo}{subsection.7.7}% 118
\BOOKMARK [3][-]{subsubsection.7.7.10}{M\372sica y efectos de sonido}{subsection.7.7}% 119
\BOOKMARK [3][-]{subsubsection.7.7.11}{Referencia a BGM y SFX}{subsection.7.7}% 120
\BOOKMARK [2][-]{subsection.7.8}{Nivel 8}{section.7}% 121
\BOOKMARK [3][-]{subsubsection.7.8.1}{T\355tulo del nivel}{subsection.7.8}% 122
\BOOKMARK [3][-]{subsubsection.7.8.2}{Encuentro}{subsection.7.8}% 123
\BOOKMARK [3][-]{subsubsection.7.8.3}{Descripci\363n}{subsection.7.8}% 124
\BOOKMARK [3][-]{subsubsection.7.8.4}{Objetivos}{subsection.7.8}% 125
\BOOKMARK [3][-]{subsubsection.7.8.5}{Progreso}{subsection.7.8}% 126
\BOOKMARK [3][-]{subsubsection.7.8.6}{Enemigos}{subsection.7.8}% 127
\BOOKMARK [3][-]{subsubsection.7.8.7}{Items}{subsection.7.8}% 128
\BOOKMARK [3][-]{subsubsection.7.8.8}{Personajes}{subsection.7.8}% 129
\BOOKMARK [3][-]{subsubsection.7.8.9}{Fondo, suelo, obst\341culos, objetos de fondo}{subsection.7.8}% 130
\BOOKMARK [3][-]{subsubsection.7.8.10}{M\372sica y efectos de sonido}{subsection.7.8}% 131
\BOOKMARK [3][-]{subsubsection.7.8.11}{Referencia a BGM y SFX}{subsection.7.8}% 132
\BOOKMARK [2][-]{subsection.7.9}{Nivel 9}{section.7}% 133
\BOOKMARK [3][-]{subsubsection.7.9.1}{T\355tulo del nivel}{subsection.7.9}% 134
\BOOKMARK [3][-]{subsubsection.7.9.2}{Encuentro}{subsection.7.9}% 135
\BOOKMARK [3][-]{subsubsection.7.9.3}{Descripci\363n}{subsection.7.9}% 136
\BOOKMARK [3][-]{subsubsection.7.9.4}{Objetivos}{subsection.7.9}% 137
\BOOKMARK [3][-]{subsubsection.7.9.5}{Progreso}{subsection.7.9}% 138
\BOOKMARK [3][-]{subsubsection.7.9.6}{Enemigos}{subsection.7.9}% 139
\BOOKMARK [3][-]{subsubsection.7.9.7}{Items}{subsection.7.9}% 140
\BOOKMARK [3][-]{subsubsection.7.9.8}{Personajes}{subsection.7.9}% 141
\BOOKMARK [3][-]{subsubsection.7.9.9}{Fondo, suelo, obst\341culos, objetos de fondo}{subsection.7.9}% 142
\BOOKMARK [3][-]{subsubsection.7.9.10}{M\372sica y efectos de sonido}{subsection.7.9}% 143
\BOOKMARK [3][-]{subsubsection.7.9.11}{Referencia a BGM y SFX}{subsection.7.9}% 144
\BOOKMARK [2][-]{subsection.7.10}{Nivel 10}{section.7}% 145
\BOOKMARK [3][-]{subsubsection.7.10.1}{T\355tulo del nivel}{subsection.7.10}% 146
\BOOKMARK [3][-]{subsubsection.7.10.2}{Encuentro}{subsection.7.10}% 147
\BOOKMARK [3][-]{subsubsection.7.10.3}{Descripci\363n}{subsection.7.10}% 148
\BOOKMARK [3][-]{subsubsection.7.10.4}{Objetivos}{subsection.7.10}% 149
\BOOKMARK [3][-]{subsubsection.7.10.5}{Progreso}{subsection.7.10}% 150
\BOOKMARK [3][-]{subsubsection.7.10.6}{Enemigos}{subsection.7.10}% 151
\BOOKMARK [3][-]{subsubsection.7.10.7}{Items}{subsection.7.10}% 152
\BOOKMARK [3][-]{subsubsection.7.10.8}{Personajes}{subsection.7.10}% 153
\BOOKMARK [3][-]{subsubsection.7.10.9}{Fondo, suelo, obst\341culos, objetos de fondo}{subsection.7.10}% 154
\BOOKMARK [3][-]{subsubsection.7.10.10}{M\372sica y efectos de sonido}{subsection.7.10}% 155
\BOOKMARK [3][-]{subsubsection.7.10.11}{Referencia a BGM y SFX}{subsection.7.10}% 156
\BOOKMARK [1][-]{section.8}{Progreso del juego}{}% 157
\BOOKMARK [1][-]{section.9}{Personajes}{}% 158
\BOOKMARK [2][-]{subsection.9.1}{Nombre: Malinalli Ten\351pal.}{section.9}% 159
\BOOKMARK [3][-]{subsubsection.9.1.1}{Descripci\363n:}{subsection.9.1}% 160
\BOOKMARK [3][-]{subsubsection.9.1.2}{Imagen}{subsection.9.1}% 161
\BOOKMARK [3][-]{subsubsection.9.1.3}{Concepto:}{subsection.9.1}% 162
\BOOKMARK [3][-]{subsubsection.9.1.4}{Encuentro:}{subsection.9.1}% 163
\BOOKMARK [3][-]{subsubsection.9.1.5}{Habilidades:}{subsection.9.1}% 164
\BOOKMARK [3][-]{subsubsection.9.1.6}{Armas:}{subsection.9.1}% 165
\BOOKMARK [3][-]{subsubsection.9.1.7}{\315tems:}{subsection.9.1}% 166
\BOOKMARK [2][-]{subsection.9.2}{Nombre: X\363lotl}{section.9}% 167
\BOOKMARK [3][-]{subsubsection.9.2.1}{Descripci\363n:}{subsection.9.2}% 168
\BOOKMARK [3][-]{subsubsection.9.2.2}{Status:}{subsection.9.2}% 169
\BOOKMARK [3][-]{subsubsection.9.2.3}{Imagen}{subsection.9.2}% 170
\BOOKMARK [3][-]{subsubsection.9.2.4}{Concepto:}{subsection.9.2}% 171
\BOOKMARK [3][-]{subsubsection.9.2.5}{Encuentro:}{subsection.9.2}% 172
\BOOKMARK [3][-]{subsubsection.9.2.6}{Habilidades:}{subsection.9.2}% 173
\BOOKMARK [3][-]{subsubsection.9.2.7}{Armas:}{subsection.9.2}% 174
\BOOKMARK [3][-]{subsubsection.9.2.8}{\315tems:}{subsection.9.2}% 175
\BOOKMARK [3][-]{subsubsection.9.2.9}{Personaje No-Jugable}{subsection.9.2}% 176
\BOOKMARK [2][-]{subsection.9.3}{Nombre: Xochit\363nal}{section.9}% 177
\BOOKMARK [3][-]{subsubsection.9.3.1}{Descripci\363n:}{subsection.9.3}% 178
\BOOKMARK [3][-]{subsubsection.9.3.2}{Status:}{subsection.9.3}% 179
\BOOKMARK [3][-]{subsubsection.9.3.3}{Imagen}{subsection.9.3}% 180
\BOOKMARK [3][-]{subsubsection.9.3.4}{Concepto:}{subsection.9.3}% 181
\BOOKMARK [3][-]{subsubsection.9.3.5}{Encuentro:}{subsection.9.3}% 182
\BOOKMARK [3][-]{subsubsection.9.3.6}{Habilidades:}{subsection.9.3}% 183
\BOOKMARK [3][-]{subsubsection.9.3.7}{Armas:}{subsection.9.3}% 184
\BOOKMARK [3][-]{subsubsection.9.3.8}{\315tems:}{subsection.9.3}% 185
\BOOKMARK [2][-]{subsection.9.4}{Nombre: Tepey\363llotl}{section.9}% 186
\BOOKMARK [3][-]{subsubsection.9.4.1}{Descripci\363n:}{subsection.9.4}% 187
\BOOKMARK [3][-]{subsubsection.9.4.2}{Status:}{subsection.9.4}% 188
\BOOKMARK [3][-]{subsubsection.9.4.3}{Imagen}{subsection.9.4}% 189
\BOOKMARK [3][-]{subsubsection.9.4.4}{Concepto:}{subsection.9.4}% 190
\BOOKMARK [3][-]{subsubsection.9.4.5}{Encuentro:}{subsection.9.4}% 191
\BOOKMARK [3][-]{subsubsection.9.4.6}{Habilidades:}{subsection.9.4}% 192
\BOOKMARK [3][-]{subsubsection.9.4.7}{Armas:}{subsection.9.4}% 193
\BOOKMARK [3][-]{subsubsection.9.4.8}{\315tems:}{subsection.9.4}% 194
\BOOKMARK [2][-]{subsection.9.5}{Nombre: Itzp\341palotl}{section.9}% 195
\BOOKMARK [3][-]{subsubsection.9.5.1}{Descripci\363n:}{subsection.9.5}% 196
\BOOKMARK [3][-]{subsubsection.9.5.2}{Status:}{subsection.9.5}% 197
\BOOKMARK [3][-]{subsubsection.9.5.3}{Imagen}{subsection.9.5}% 198
\BOOKMARK [3][-]{subsubsection.9.5.4}{Concepto:}{subsection.9.5}% 199
\BOOKMARK [3][-]{subsubsection.9.5.5}{Encuentro:}{subsection.9.5}% 200
\BOOKMARK [3][-]{subsubsection.9.5.6}{Habilidades:}{subsection.9.5}% 201
\BOOKMARK [3][-]{subsubsection.9.5.7}{Armas:}{subsection.9.5}% 202
\BOOKMARK [3][-]{subsubsection.9.5.8}{\315tems:}{subsection.9.5}% 203
\BOOKMARK [2][-]{subsection.9.6}{Nombre: Mictlecayotl}{section.9}% 204
\BOOKMARK [3][-]{subsubsection.9.6.1}{Descripci\363n:}{subsection.9.6}% 205
\BOOKMARK [3][-]{subsubsection.9.6.2}{Status:}{subsection.9.6}% 206
\BOOKMARK [3][-]{subsubsection.9.6.3}{Imagen}{subsection.9.6}% 207
\BOOKMARK [3][-]{subsubsection.9.6.4}{Concepto:}{subsection.9.6}% 208
\BOOKMARK [3][-]{subsubsection.9.6.5}{Encuentro:}{subsection.9.6}% 209
\BOOKMARK [3][-]{subsubsection.9.6.6}{Habilidades:}{subsection.9.6}% 210
\BOOKMARK [3][-]{subsubsection.9.6.7}{Armas:}{subsection.9.6}% 211
\BOOKMARK [3][-]{subsubsection.9.6.8}{\315tems:}{subsection.9.6}% 212
\BOOKMARK [2][-]{subsection.9.7}{Nombre: Tlazolt\351otl}{section.9}% 213
\BOOKMARK [3][-]{subsubsection.9.7.1}{Descripci\363n: }{subsection.9.7}% 214
\BOOKMARK [3][-]{subsubsection.9.7.2}{Status:}{subsection.9.7}% 215
\BOOKMARK [3][-]{subsubsection.9.7.3}{Imagen}{subsection.9.7}% 216
\BOOKMARK [3][-]{subsubsection.9.7.4}{Concepto:}{subsection.9.7}% 217
\BOOKMARK [3][-]{subsubsection.9.7.5}{Encuentro:}{subsection.9.7}% 218
\BOOKMARK [3][-]{subsubsection.9.7.6}{Habilidades:}{subsection.9.7}% 219
\BOOKMARK [3][-]{subsubsection.9.7.7}{Armas:}{subsection.9.7}% 220
\BOOKMARK [3][-]{subsubsection.9.7.8}{\315tems:}{subsection.9.7}% 221
\BOOKMARK [2][-]{subsection.9.8}{Nombre: Itztlacoliuhqui}{section.9}% 222
\BOOKMARK [3][-]{subsubsection.9.8.1}{Descripci\363n:}{subsection.9.8}% 223
\BOOKMARK [3][-]{subsubsection.9.8.2}{Status:}{subsection.9.8}% 224
\BOOKMARK [3][-]{subsubsection.9.8.3}{Imagen}{subsection.9.8}% 225
\BOOKMARK [3][-]{subsubsection.9.8.4}{Concepto:}{subsection.9.8}% 226
\BOOKMARK [3][-]{subsubsection.9.8.5}{Encuentro:}{subsection.9.8}% 227
\BOOKMARK [3][-]{subsubsection.9.8.6}{Habilidades:}{subsection.9.8}% 228
\BOOKMARK [3][-]{subsubsection.9.8.7}{Armas:}{subsection.9.8}% 229
\BOOKMARK [3][-]{subsubsection.9.8.8}{\315tems:}{subsection.9.8}% 230
\BOOKMARK [2][-]{subsection.9.9}{Nombre: Nexoxcho}{section.9}% 231
\BOOKMARK [3][-]{subsubsection.9.9.1}{Descripci\363n:}{subsection.9.9}% 232
\BOOKMARK [3][-]{subsubsection.9.9.2}{Status:}{subsection.9.9}% 233
\BOOKMARK [3][-]{subsubsection.9.9.3}{Imagen}{subsection.9.9}% 234
\BOOKMARK [3][-]{subsubsection.9.9.4}{Concepto:}{subsection.9.9}% 235
\BOOKMARK [3][-]{subsubsection.9.9.5}{Encuentro:}{subsection.9.9}% 236
\BOOKMARK [3][-]{subsubsection.9.9.6}{Habilidades:}{subsection.9.9}% 237
\BOOKMARK [3][-]{subsubsection.9.9.7}{Armas:}{subsection.9.9}% 238
\BOOKMARK [3][-]{subsubsection.9.9.8}{\315tems:}{subsection.9.9}% 239
\BOOKMARK [2][-]{subsection.9.10}{Nombre: Mictlantechtli}{section.9}% 240
\BOOKMARK [3][-]{subsubsection.9.10.1}{Descripci\363n:}{subsection.9.10}% 241
\BOOKMARK [3][-]{subsubsection.9.10.2}{Status:}{subsection.9.10}% 242
\BOOKMARK [3][-]{subsubsection.9.10.3}{Imagen}{subsection.9.10}% 243
\BOOKMARK [3][-]{subsubsection.9.10.4}{Concepto:}{subsection.9.10}% 244
\BOOKMARK [3][-]{subsubsection.9.10.5}{Encuentro:}{subsection.9.10}% 245
\BOOKMARK [3][-]{subsubsection.9.10.6}{Habilidades:}{subsection.9.10}% 246
\BOOKMARK [3][-]{subsubsection.9.10.7}{Armas:}{subsection.9.10}% 247
\BOOKMARK [3][-]{subsubsection.9.10.8}{\315tems:}{subsection.9.10}% 248
\BOOKMARK [3][-]{subsubsection.9.10.9}{Habilidades:}{subsection.9.10}% 249
\BOOKMARK [3][-]{subsubsection.9.10.10}{Armas:}{subsection.9.10}% 250
\BOOKMARK [3][-]{subsubsection.9.10.11}{\315tems:}{subsection.9.10}% 251
\BOOKMARK [3][-]{subsubsection.9.10.12}{Personaje No-Jugable}{subsection.9.10}% 252
\BOOKMARK [2][-]{subsection.9.11}{Nombre: Mictecac\355huatl}{section.9}% 253
\BOOKMARK [3][-]{subsubsection.9.11.1}{Descripci\363n:}{subsection.9.11}% 254
\BOOKMARK [3][-]{subsubsection.9.11.2}{Status}{subsection.9.11}% 255
\BOOKMARK [3][-]{subsubsection.9.11.3}{Imagen}{subsection.9.11}% 256
\BOOKMARK [3][-]{subsubsection.9.11.4}{Concepto:}{subsection.9.11}% 257
\BOOKMARK [3][-]{subsubsection.9.11.5}{Encuentro:}{subsection.9.11}% 258
\BOOKMARK [3][-]{subsubsection.9.11.6}{Habilidades:}{subsection.9.11}% 259
\BOOKMARK [3][-]{subsubsection.9.11.7}{Armas:}{subsection.9.11}% 260
\BOOKMARK [3][-]{subsubsection.9.11.8}{\315tems:}{subsection.9.11}% 261
\BOOKMARK [2][-]{subsection.9.12}{Nombre: Ten\351pal}{section.9}% 262
\BOOKMARK [3][-]{subsubsection.9.12.1}{Descripci\363n:}{subsection.9.12}% 263
\BOOKMARK [3][-]{subsubsection.9.12.2}{Status:}{subsection.9.12}% 264
\BOOKMARK [3][-]{subsubsection.9.12.3}{Imagen}{subsection.9.12}% 265
\BOOKMARK [3][-]{subsubsection.9.12.4}{Concepto:}{subsection.9.12}% 266
\BOOKMARK [3][-]{subsubsection.9.12.5}{Encuentro:}{subsection.9.12}% 267
\BOOKMARK [3][-]{subsubsection.9.12.6}{Habilidades:}{subsection.9.12}% 268
\BOOKMARK [3][-]{subsubsection.9.12.7}{Armas:}{subsection.9.12}% 269
\BOOKMARK [3][-]{subsubsection.9.12.8}{\315tems:}{subsection.9.12}% 270
\BOOKMARK [2][-]{subsection.9.13}{Nombre: Cimatl}{section.9}% 271
\BOOKMARK [3][-]{subsubsection.9.13.1}{Descripci\363n:}{subsection.9.13}% 272
\BOOKMARK [3][-]{subsubsection.9.13.2}{Status:}{subsection.9.13}% 273
\BOOKMARK [3][-]{subsubsection.9.13.3}{Imagen}{subsection.9.13}% 274
\BOOKMARK [3][-]{subsubsection.9.13.4}{Concepto:}{subsection.9.13}% 275
\BOOKMARK [3][-]{subsubsection.9.13.5}{Encuentro:}{subsection.9.13}% 276
\BOOKMARK [3][-]{subsubsection.9.13.6}{Habilidades:}{subsection.9.13}% 277
\BOOKMARK [3][-]{subsubsection.9.13.7}{Armas:}{subsection.9.13}% 278
\BOOKMARK [3][-]{subsubsection.9.13.8}{\315tems:}{subsection.9.13}% 279
\BOOKMARK [2][-]{subsection.9.14}{Nombre: Huenupan}{section.9}% 280
\BOOKMARK [3][-]{subsubsection.9.14.1}{Descripci\363n:}{subsection.9.14}% 281
\BOOKMARK [3][-]{subsubsection.9.14.2}{Status:}{subsection.9.14}% 282
\BOOKMARK [3][-]{subsubsection.9.14.3}{Imagen}{subsection.9.14}% 283
\BOOKMARK [3][-]{subsubsection.9.14.4}{Concepto:}{subsection.9.14}% 284
\BOOKMARK [3][-]{subsubsection.9.14.5}{Encuentro:}{subsection.9.14}% 285
\BOOKMARK [3][-]{subsubsection.9.14.6}{Habilidades:}{subsection.9.14}% 286
\BOOKMARK [3][-]{subsubsection.9.14.7}{Armas:}{subsection.9.14}% 287
\BOOKMARK [3][-]{subsubsection.9.14.8}{\315tems:}{subsection.9.14}% 288
\BOOKMARK [2][-]{subsection.9.15}{Nombre: Quetzalc\363atl}{section.9}% 289
\BOOKMARK [3][-]{subsubsection.9.15.1}{Descripci\363n:}{subsection.9.15}% 290
\BOOKMARK [3][-]{subsubsection.9.15.2}{Status:}{subsection.9.15}% 291
\BOOKMARK [3][-]{subsubsection.9.15.3}{Imagen}{subsection.9.15}% 292
\BOOKMARK [3][-]{subsubsection.9.15.4}{Concepto:}{subsection.9.15}% 293
\BOOKMARK [3][-]{subsubsection.9.15.5}{Encuentro:}{subsection.9.15}% 294
\BOOKMARK [3][-]{subsubsection.9.15.6}{Habilidades:}{subsection.9.15}% 295
\BOOKMARK [3][-]{subsubsection.9.15.7}{Armas:}{subsection.9.15}% 296
\BOOKMARK [3][-]{subsubsection.9.15.8}{\315tems:}{subsection.9.15}% 297
\BOOKMARK [2][-]{subsection.9.16}{Nombre: Ciudadanos}{section.9}% 298
\BOOKMARK [3][-]{subsubsection.9.16.1}{Descripci\363n:}{subsection.9.16}% 299
\BOOKMARK [3][-]{subsubsection.9.16.2}{Status:}{subsection.9.16}% 300
\BOOKMARK [3][-]{subsubsection.9.16.3}{Imagen}{subsection.9.16}% 301
\BOOKMARK [3][-]{subsubsection.9.16.4}{Concepto:}{subsection.9.16}% 302
\BOOKMARK [3][-]{subsubsection.9.16.5}{Encuentro:}{subsection.9.16}% 303
\BOOKMARK [2][-]{subsection.9.17}{Nombre: Armadillo}{section.9}% 304
\BOOKMARK [3][-]{subsubsection.9.17.1}{Descripci\363n:}{subsection.9.17}% 305
\BOOKMARK [3][-]{subsubsection.9.17.2}{Status:}{subsection.9.17}% 306
\BOOKMARK [3][-]{subsubsection.9.17.3}{Imagen}{subsection.9.17}% 307
\BOOKMARK [3][-]{subsubsection.9.17.4}{Concepto:}{subsection.9.17}% 308
\BOOKMARK [3][-]{subsubsection.9.17.5}{Encuentro:}{subsection.9.17}% 309
\BOOKMARK [3][-]{subsubsection.9.17.6}{Habilidades:}{subsection.9.17}% 310
\BOOKMARK [3][-]{subsubsection.9.17.7}{Patr\363n de ataque:}{subsection.9.17}% 311
\BOOKMARK [2][-]{subsection.9.18}{Nombre: Fantasma rojo}{section.9}% 312
\BOOKMARK [3][-]{subsubsection.9.18.1}{Descripci\363n:}{subsection.9.18}% 313
\BOOKMARK [3][-]{subsubsection.9.18.2}{Status:}{subsection.9.18}% 314
\BOOKMARK [3][-]{subsubsection.9.18.3}{Imagen}{subsection.9.18}% 315
\BOOKMARK [3][-]{subsubsection.9.18.4}{Encuentro:}{subsection.9.18}% 316
\BOOKMARK [3][-]{subsubsection.9.18.5}{Habilidades:}{subsection.9.18}% 317
\BOOKMARK [3][-]{subsubsection.9.18.6}{Patr\363n de ataque:}{subsection.9.18}% 318
\BOOKMARK [2][-]{subsection.9.19}{Nombre: Fantasma morado}{section.9}% 319
\BOOKMARK [3][-]{subsubsection.9.19.1}{Descripci\363n:}{subsection.9.19}% 320
\BOOKMARK [3][-]{subsubsection.9.19.2}{Status:}{subsection.9.19}% 321
\BOOKMARK [3][-]{subsubsection.9.19.3}{Imagen}{subsection.9.19}% 322
\BOOKMARK [3][-]{subsubsection.9.19.4}{Encuentro:}{subsection.9.19}% 323
\BOOKMARK [3][-]{subsubsection.9.19.5}{Habilidades:}{subsection.9.19}% 324
\BOOKMARK [3][-]{subsubsection.9.19.6}{Patr\363n de ataque:}{subsection.9.19}% 325
\BOOKMARK [2][-]{subsection.9.20}{Nombre: Zopilote}{section.9}% 326
\BOOKMARK [3][-]{subsubsection.9.20.1}{Descripci\363n:}{subsection.9.20}% 327
\BOOKMARK [3][-]{subsubsection.9.20.2}{Status:}{subsection.9.20}% 328
\BOOKMARK [3][-]{subsubsection.9.20.3}{Imagen}{subsection.9.20}% 329
\BOOKMARK [3][-]{subsubsection.9.20.4}{Encuentro:}{subsection.9.20}% 330
\BOOKMARK [3][-]{subsubsection.9.20.5}{Habilidades:}{subsection.9.20}% 331
\BOOKMARK [3][-]{subsubsection.9.20.6}{Patr\363n de ataque:}{subsection.9.20}% 332
\BOOKMARK [1][-]{section.10}{Habilidades.}{}% 333
\BOOKMARK [2][-]{subsection.10.1}{Nombre: Rodar.}{section.10}% 334
\BOOKMARK [3][-]{subsubsection.10.1.1}{Descripci\363n:}{subsection.10.1}% 335
\BOOKMARK [3][-]{subsubsection.10.1.2}{Portador}{subsection.10.1}% 336
\BOOKMARK [3][-]{subsubsection.10.1.3}{Esquema}{subsection.10.1}% 337
\BOOKMARK [2][-]{subsection.10.2}{Nombre: Desenrrollar.}{section.10}% 338
\BOOKMARK [3][-]{subsubsection.10.2.1}{Descripci\363n}{subsection.10.2}% 339
\BOOKMARK [3][-]{subsubsection.10.2.2}{Portador}{subsection.10.2}% 340
\BOOKMARK [3][-]{subsubsection.10.2.3}{Esquema}{subsection.10.2}% 341
\BOOKMARK [2][-]{subsection.10.3}{Nombre: Disparo rojo.}{section.10}% 342
\BOOKMARK [3][-]{subsubsection.10.3.1}{Descripci\363n}{subsection.10.3}% 343
\BOOKMARK [3][-]{subsubsection.10.3.2}{Portador}{subsection.10.3}% 344
\BOOKMARK [3][-]{subsubsection.10.3.3}{Esquema}{subsection.10.3}% 345
\BOOKMARK [2][-]{subsection.10.4}{Nombre: Flotar en vertical.}{section.10}% 346
\BOOKMARK [3][-]{subsubsection.10.4.1}{Descripci\363n}{subsection.10.4}% 347
\BOOKMARK [3][-]{subsubsection.10.4.2}{Portador}{subsection.10.4}% 348
\BOOKMARK [3][-]{subsubsection.10.4.3}{Esquema}{subsection.10.4}% 349
\BOOKMARK [2][-]{subsection.10.5}{Nombre: Embestida.}{section.10}% 350
\BOOKMARK [3][-]{subsubsection.10.5.1}{Descripci\363n}{subsection.10.5}% 351
\BOOKMARK [3][-]{subsubsection.10.5.2}{Portador}{subsection.10.5}% 352
\BOOKMARK [3][-]{subsubsection.10.5.3}{Esquema}{subsection.10.5}% 353
\BOOKMARK [2][-]{subsection.10.6}{Nombre: Flotar en tri\341ngulo.}{section.10}% 354
\BOOKMARK [3][-]{subsubsection.10.6.1}{Descripci\363n}{subsection.10.6}% 355
\BOOKMARK [3][-]{subsubsection.10.6.2}{Portador}{subsection.10.6}% 356
\BOOKMARK [3][-]{subsubsection.10.6.3}{Esquema}{subsection.10.6}% 357
\BOOKMARK [2][-]{subsection.10.7}{Nombre: Rapto.}{section.10}% 358
\BOOKMARK [3][-]{subsubsection.10.7.1}{Descripci\363n}{subsection.10.7}% 359
\BOOKMARK [3][-]{subsubsection.10.7.2}{Portador}{subsection.10.7}% 360
\BOOKMARK [3][-]{subsubsection.10.7.3}{Esquema}{subsection.10.7}% 361
\BOOKMARK [2][-]{subsection.10.8}{Nombre: Zopilotear}{section.10}% 362
\BOOKMARK [3][-]{subsubsection.10.8.1}{Descripci\363n}{subsection.10.8}% 363
\BOOKMARK [3][-]{subsubsection.10.8.2}{Portador}{subsection.10.8}% 364
\BOOKMARK [3][-]{subsubsection.10.8.3}{Esquema}{subsection.10.8}% 365
\BOOKMARK [2][-]{subsection.10.9}{Nombre: Disparo de tonalli.}{section.10}% 366
\BOOKMARK [3][-]{subsubsection.10.9.1}{Descripci\363n}{subsection.10.9}% 367
\BOOKMARK [3][-]{subsubsection.10.9.2}{Portador}{subsection.10.9}% 368
\BOOKMARK [3][-]{subsubsection.10.9.3}{Esquema}{subsection.10.9}% 369
\BOOKMARK [2][-]{subsection.10.10}{Nombre: Zambullida.}{section.10}% 370
\BOOKMARK [3][-]{subsubsection.10.10.1}{Descripci\363n}{subsection.10.10}% 371
\BOOKMARK [3][-]{subsubsection.10.10.2}{Portador}{subsection.10.10}% 372
\BOOKMARK [3][-]{subsubsection.10.10.3}{Esquema}{subsection.10.10}% 373
\BOOKMARK [2][-]{subsection.10.11}{Nombre: Burbujas.}{section.10}% 374
\BOOKMARK [3][-]{subsubsection.10.11.1}{Descripci\363n}{subsection.10.11}% 375
\BOOKMARK [3][-]{subsubsection.10.11.2}{Portador}{subsection.10.11}% 376
\BOOKMARK [3][-]{subsubsection.10.11.3}{Esquema}{subsection.10.11}% 377
\BOOKMARK [2][-]{subsection.10.12}{Nombre: Coraza.}{section.10}% 378
\BOOKMARK [3][-]{subsubsection.10.12.1}{Descripci\363n}{subsection.10.12}% 379
\BOOKMARK [3][-]{subsubsection.10.12.2}{Portador}{subsection.10.12}% 380
\BOOKMARK [3][-]{subsubsection.10.12.3}{Esquema}{subsection.10.12}% 381
\BOOKMARK [2][-]{subsection.10.13}{Nombre: Impacto.}{section.10}% 382
\BOOKMARK [3][-]{subsubsection.10.13.1}{Descripci\363n}{subsection.10.13}% 383
\BOOKMARK [3][-]{subsubsection.10.13.2}{Portador}{subsection.10.13}% 384
\BOOKMARK [3][-]{subsubsection.10.13.3}{Esquema}{subsection.10.13}% 385
\BOOKMARK [2][-]{subsection.10.14}{Nombre de la habilidad: Luvia de rocas.}{section.10}% 386
\BOOKMARK [3][-]{subsubsection.10.14.1}{Descripci\363n}{subsection.10.14}% 387
\BOOKMARK [3][-]{subsubsection.10.14.2}{Portador}{subsection.10.14}% 388
\BOOKMARK [3][-]{subsubsection.10.14.3}{Esquema}{subsection.10.14}% 389
\BOOKMARK [2][-]{subsection.10.15}{Nombre: Rugido aturdidor.}{section.10}% 390
\BOOKMARK [3][-]{subsubsection.10.15.1}{Descripci\363n}{subsection.10.15}% 391
\BOOKMARK [3][-]{subsubsection.10.15.2}{Portador}{subsection.10.15}% 392
\BOOKMARK [3][-]{subsubsection.10.15.3}{Esquema}{subsection.10.15}% 393
\BOOKMARK [2][-]{subsection.10.16}{Nombre: Circulo de fuego.}{section.10}% 394
\BOOKMARK [3][-]{subsubsection.10.16.1}{Descripci\363n}{subsection.10.16}% 395
\BOOKMARK [3][-]{subsubsection.10.16.2}{Portador}{subsection.10.16}% 396
\BOOKMARK [3][-]{subsubsection.10.16.3}{Esquema}{subsection.10.16}% 397
\BOOKMARK [2][-]{subsection.10.17}{Nombre: Embestida aerea.}{section.10}% 398
\BOOKMARK [3][-]{subsubsection.10.17.1}{Descripci\363n}{subsection.10.17}% 399
\BOOKMARK [3][-]{subsubsection.10.17.2}{Portador}{subsection.10.17}% 400
\BOOKMARK [3][-]{subsubsection.10.17.3}{Esquema}{subsection.10.17}% 401
\BOOKMARK [2][-]{subsection.10.18}{Nombre: Invisibilidad.}{section.10}% 402
\BOOKMARK [3][-]{subsubsection.10.18.1}{Descripci\363n}{subsection.10.18}% 403
\BOOKMARK [3][-]{subsubsection.10.18.2}{Portador}{subsection.10.18}% 404
\BOOKMARK [3][-]{subsubsection.10.18.3}{Esquema}{subsection.10.18}% 405
\BOOKMARK [2][-]{subsection.10.19}{Nombre: Tornado.}{section.10}% 406
\BOOKMARK [3][-]{subsubsection.10.19.1}{Descripci\363n}{subsection.10.19}% 407
\BOOKMARK [3][-]{subsubsection.10.19.2}{Portador}{subsection.10.19}% 408
\BOOKMARK [3][-]{subsubsection.10.19.3}{Esquema}{subsection.10.19}% 409
\BOOKMARK [2][-]{subsection.10.20}{Nombre: Ventisca.}{section.10}% 410
\BOOKMARK [3][-]{subsubsection.10.20.1}{Descripci\363n}{subsection.10.20}% 411
\BOOKMARK [3][-]{subsubsection.10.20.2}{Portador}{subsection.10.20}% 412
\BOOKMARK [3][-]{subsubsection.10.20.3}{Esquema}{subsection.10.20}% 413
\BOOKMARK [2][-]{subsection.10.21}{Nombre: Ra\355z del diablo.}{section.10}% 414
\BOOKMARK [3][-]{subsubsection.10.21.1}{Descripci\363n}{subsection.10.21}% 415
\BOOKMARK [3][-]{subsubsection.10.21.2}{Portador}{subsection.10.21}% 416
\BOOKMARK [3][-]{subsubsection.10.21.3}{Esquema}{subsection.10.21}% 417
\BOOKMARK [2][-]{subsection.10.22}{Nombre: Energ\355a corrupta.}{section.10}% 418
\BOOKMARK [3][-]{subsubsection.10.22.1}{Descripci\363n}{subsection.10.22}% 419
\BOOKMARK [3][-]{subsubsection.10.22.2}{Portador}{subsection.10.22}% 420
\BOOKMARK [3][-]{subsubsection.10.22.3}{Esquema}{subsection.10.22}% 421
\BOOKMARK [2][-]{subsection.10.23}{Nombre: Circulo protector.}{section.10}% 422
\BOOKMARK [3][-]{subsubsection.10.23.1}{Descripci\363n}{subsection.10.23}% 423
\BOOKMARK [3][-]{subsubsection.10.23.2}{Portador}{subsection.10.23}% 424
\BOOKMARK [3][-]{subsubsection.10.23.3}{Esquema}{subsection.10.23}% 425
\BOOKMARK [2][-]{subsection.10.24}{Nombre: LLuvia de lava.}{section.10}% 426
\BOOKMARK [3][-]{subsubsection.10.24.1}{Descripci\363n}{subsection.10.24}% 427
\BOOKMARK [3][-]{subsubsection.10.24.2}{Portador}{subsection.10.24}% 428
\BOOKMARK [3][-]{subsubsection.10.24.3}{Esquema}{subsection.10.24}% 429
\BOOKMARK [2][-]{subsection.10.25}{Nombre: Manotazo.}{section.10}% 430
\BOOKMARK [3][-]{subsubsection.10.25.1}{Descripci\363n}{subsection.10.25}% 431
\BOOKMARK [3][-]{subsubsection.10.25.2}{Portador}{subsection.10.25}% 432
\BOOKMARK [3][-]{subsubsection.10.25.3}{Esquema}{subsection.10.25}% 433
\BOOKMARK [2][-]{subsection.10.26}{Nombre: Lluvia de flechas.}{section.10}% 434
\BOOKMARK [3][-]{subsubsection.10.26.1}{Descripci\363n}{subsection.10.26}% 435
\BOOKMARK [3][-]{subsubsection.10.26.2}{Portador}{subsection.10.26}% 436
\BOOKMARK [3][-]{subsubsection.10.26.3}{Esquema}{subsection.10.26}% 437
\BOOKMARK [2][-]{subsection.10.27}{Nombre: Todos los hombres del rey.}{section.10}% 438
\BOOKMARK [3][-]{subsubsection.10.27.1}{Descripci\363n}{subsection.10.27}% 439
\BOOKMARK [3][-]{subsubsection.10.27.2}{Portador}{subsection.10.27}% 440
\BOOKMARK [3][-]{subsubsection.10.27.3}{Esquema}{subsection.10.27}% 441
\BOOKMARK [2][-]{subsection.10.28}{Nombre: Fuego mort\355fero.}{section.10}% 442
\BOOKMARK [3][-]{subsubsection.10.28.1}{Descripci\363n}{subsection.10.28}% 443
\BOOKMARK [3][-]{subsubsection.10.28.2}{Portador}{subsection.10.28}% 444
\BOOKMARK [3][-]{subsubsection.10.28.3}{Esquema}{subsection.10.28}% 445
\BOOKMARK [2][-]{subsection.10.29}{Nombre: Penitencia.}{section.10}% 446
\BOOKMARK [3][-]{subsubsection.10.29.1}{Descripci\363n}{subsection.10.29}% 447
\BOOKMARK [3][-]{subsubsection.10.29.2}{Portador}{subsection.10.29}% 448
\BOOKMARK [3][-]{subsubsection.10.29.3}{Esquema}{subsection.10.29}% 449
\BOOKMARK [1][-]{section.11}{Armas.}{}% 450
\BOOKMARK [2][-]{subsection.11.1}{Nombre: Caracola.}{section.11}% 451
\BOOKMARK [3][-]{subsubsection.11.1.1}{Descripci\363n}{subsection.11.1}% 452
\BOOKMARK [3][-]{subsubsection.11.1.2}{Imagen}{subsection.11.1}% 453
\BOOKMARK [3][-]{subsubsection.11.1.3}{Portador}{subsection.11.1}% 454
\BOOKMARK [2][-]{subsection.11.2}{Nombre: Atardecer de venus.}{section.11}% 455
\BOOKMARK [3][-]{subsubsection.11.2.1}{Descripci\363n}{subsection.11.2}% 456
\BOOKMARK [3][-]{subsubsection.11.2.2}{Imagen}{subsection.11.2}% 457
\BOOKMARK [3][-]{subsubsection.11.2.3}{Portador}{subsection.11.2}% 458
\BOOKMARK [2][-]{subsection.11.3}{Nombre: Matlalpapalotl.}{section.11}% 459
\BOOKMARK [3][-]{subsubsection.11.3.1}{Descripci\363n}{subsection.11.3}% 460
\BOOKMARK [3][-]{subsubsection.11.3.2}{Imagen}{subsection.11.3}% 461
\BOOKMARK [3][-]{subsubsection.11.3.3}{Portador}{subsection.11.3}% 462
\BOOKMARK [2][-]{subsection.11.4}{Nombre: Trepa viento.}{section.11}% 463
\BOOKMARK [3][-]{subsubsection.11.4.1}{Descripci\363n}{subsection.11.4}% 464
\BOOKMARK [3][-]{subsubsection.11.4.2}{Imagen}{subsection.11.4}% 465
\BOOKMARK [3][-]{subsubsection.11.4.3}{Portador}{subsection.11.4}% 466
\BOOKMARK [2][-]{subsection.11.5}{Nombre: Arco solar.}{section.11}% 467
\BOOKMARK [3][-]{subsubsection.11.5.1}{Descripci\363n}{subsection.11.5}% 468
\BOOKMARK [3][-]{subsubsection.11.5.2}{Imagen}{subsection.11.5}% 469
\BOOKMARK [3][-]{subsubsection.11.5.3}{Portador}{subsection.11.5}% 470
\BOOKMARK [1][-]{section.12}{Items.}{}% 471
\BOOKMARK [2][-]{subsection.12.1}{Nombre: Peineta en forma de flor.}{section.12}% 472
\BOOKMARK [3][-]{subsubsection.12.1.1}{Descripci\363n}{subsection.12.1}% 473
\BOOKMARK [3][-]{subsubsection.12.1.2}{Imagen}{subsection.12.1}% 474
\BOOKMARK [3][-]{subsubsection.12.1.3}{Portador}{subsection.12.1}% 475
\BOOKMARK [2][-]{subsection.12.2}{Nombre: Armadura espiritual.}{section.12}% 476
\BOOKMARK [3][-]{subsubsection.12.2.1}{Descripci\363n}{subsection.12.2}% 477
\BOOKMARK [3][-]{subsubsection.12.2.2}{Imagen}{subsection.12.2}% 478
\BOOKMARK [3][-]{subsubsection.12.2.3}{Portador}{subsection.12.2}% 479
\BOOKMARK [1][-]{section.13}{Gui\363n.}{}% 480
\BOOKMARK [1][-]{section.14}{M\372sica y sonidos.}{}% 481
\BOOKMARK [2][-]{subsection.14.1}{M\372sica de fondo}{section.14}% 482
\BOOKMARK [3][-]{subsubsection.14.1.1}{Nombre: M\372sica mercado}{subsection.14.1}% 483
\BOOKMARK [3][-]{subsubsection.14.1.2}{Nombre: M\372sica selva}{subsection.14.1}% 484
\BOOKMARK [3][-]{subsubsection.14.1.3}{Nombre: M\372sica Xolotl}{subsection.14.1}% 485
\BOOKMARK [3][-]{subsubsection.14.1.4}{Nombre: M\372sica plataforma segundo nivel}{subsection.14.1}% 486
\BOOKMARK [3][-]{subsubsection.14.1.5}{Nombre: M\372sica jefe segundo nivel}{subsection.14.1}% 487
\BOOKMARK [3][-]{subsubsection.14.1.6}{Nombre: M\372sica plataforma tercer nivel}{subsection.14.1}% 488
\BOOKMARK [3][-]{subsubsection.14.1.7}{Nombre: M\372sica jefe tercer nivel}{subsection.14.1}% 489
\BOOKMARK [3][-]{subsubsection.14.1.8}{Nombre: M\372sica plataforma cuarto nivel}{subsection.14.1}% 490
\BOOKMARK [3][-]{subsubsection.14.1.9}{Nombre: M\372sica jefe cuarto nivel}{subsection.14.1}% 491
\BOOKMARK [3][-]{subsubsection.14.1.10}{Nombre: M\372sica plataforma quinto nivel}{subsection.14.1}% 492
\BOOKMARK [3][-]{subsubsection.14.1.11}{Nombre: M\372sica jefe quinto nivel}{subsection.14.1}% 493
\BOOKMARK [3][-]{subsubsection.14.1.12}{Nombre: M\372sica plataforma sexto nivel}{subsection.14.1}% 494
\BOOKMARK [3][-]{subsubsection.14.1.13}{Nombre: M\372sica jefe sexto nivel}{subsection.14.1}% 495
\BOOKMARK [2][-]{subsection.14.2}{Efectos de sonido}{section.14}% 496
\BOOKMARK [1][-]{section.15}{Imagenes de concepto.}{}% 497
\BOOKMARK [1][-]{section.16}{Miembros de equipo.}{}% 498
\BOOKMARK [1][-]{section.17}{Detalles de producci\363n.}{}% 499
\BOOKMARK [2][-]{subsection.17.1}{Fecha de inicio.}{section.17}% 500
\BOOKMARK [2][-]{subsection.17.2}{Fecha de terminaci\363n.}{section.17}% 501
\BOOKMARK [2][-]{subsection.17.3}{Presupuesto.}{section.17}% 502
