\BOOKMARK [0][-]{chapter.1}{Advertencia}{}% 1
\BOOKMARK [0][-]{chapter.2}{Introducci\363n}{}% 2
\BOOKMARK [0][-]{chapter.3}{Antecedentes}{}% 3
\BOOKMARK [1][-]{section.3.1}{Propuesta}{chapter.3}% 4
\BOOKMARK [2][-]{subsection.3.1.1}{Planteamiento del problema}{section.3.1}% 5
\BOOKMARK [2][-]{subsection.3.1.2}{Marco Te\363rico}{section.3.1}% 6
\BOOKMARK [2][-]{subsection.3.1.3}{Planteamiento de la soluci\363n}{section.3.1}% 7
\BOOKMARK [1][-]{section.3.2}{Ajustes al trabajo terminal}{chapter.3}% 8
\BOOKMARK [2][-]{subsection.3.2.1}{Correcci\363n del enfoque de la soluci\363n}{section.3.2}% 9
\BOOKMARK [2][-]{subsection.3.2.2}{Nueva divisi\363n de trabajo}{section.3.2}% 10
\BOOKMARK [2][-]{subsection.3.2.3}{Actualizando el motor de juego}{section.3.2}% 11
\BOOKMARK [2][-]{subsection.3.2.4}{M\341quina de estados}{section.3.2}% 12
\BOOKMARK [1][-]{section.3.3}{Contribuciones}{chapter.3}% 13
\BOOKMARK [2][-]{subsection.3.3.1}{El juego}{section.3.3}% 14
\BOOKMARK [2][-]{subsection.3.3.2}{Modelo de negocios en un videojuego}{section.3.3}% 15
\BOOKMARK [2][-]{subsection.3.3.3}{Vicio en el videojuego}{section.3.3}% 16
\BOOKMARK [2][-]{subsection.3.3.4}{Modelo de datos}{section.3.3}% 17
\BOOKMARK [2][-]{subsection.3.3.5}{Estrategias para combatir la adicci\363n entre los usuarios}{section.3.3}% 18
\BOOKMARK [1][-]{section.3.4}{Trabajo realizado durante trabajo terminal 1}{chapter.3}% 19
\BOOKMARK [2][-]{subsection.3.4.1}{Presentado en TT1}{section.3.4}% 20
\BOOKMARK [2][-]{subsection.3.4.2}{Etapa de Preproducci\363n}{section.3.4}% 21
\BOOKMARK [2][-]{subsection.3.4.3}{Etapa de producci\363n}{section.3.4}% 22
\BOOKMARK [0][-]{chapter.4}{Resultados obtenidos}{}% 23
\BOOKMARK [1][-]{section.4.1}{Pruebas}{chapter.4}% 24
\BOOKMARK [2][-]{subsection.4.1.1}{Sprite packer}{section.4.1}% 25
\BOOKMARK [2][-]{subsection.4.1.2}{Mec\341nicas del juego}{section.4.1}% 26
\BOOKMARK [2][-]{subsection.4.1.3}{Din\341micas del juego}{section.4.1}% 27
\BOOKMARK [2][-]{subsection.4.1.4}{Est\351tica del juego}{section.4.1}% 28
\BOOKMARK [2][-]{subsection.4.1.5}{Prueba unitaria}{section.4.1}% 29
\BOOKMARK [2][-]{subsection.4.1.6}{Prueba de integraci\363n}{section.4.1}% 30
\BOOKMARK [2][-]{subsection.4.1.7}{Prueba de sistema}{section.4.1}% 31
\BOOKMARK [2][-]{subsection.4.1.8}{Prueba de rendimiento en Unity}{section.4.1}% 32
\BOOKMARK [2][-]{subsection.4.1.9}{Prueba de rendimiento en tel\351fono Huawei TAG-L13}{section.4.1}% 33
\BOOKMARK [2][-]{subsection.4.1.10}{Prueba de aceptaci\363n}{section.4.1}% 34
\BOOKMARK [1][-]{section.4.2}{Niveles terminados}{chapter.4}% 35
\BOOKMARK [0][-]{chapter.5}{Conclusiones}{}% 36
\BOOKMARK [1][-]{section.5.1}{Adiciones a la metodolog\355a huddle}{chapter.5}% 37
\BOOKMARK [1][-]{section.5.2}{Trabajo a futuro}{chapter.5}% 38
\BOOKMARK [0][-]{appendix.Alph1}{Interfaces}{}% 39
\BOOKMARK [0][-]{appendix.Alph2}{Sprites de Personajes}{}% 40
\BOOKMARK [0][-]{appendix.Alph3}{Modelo de Datos}{}% 41
\BOOKMARK [0][-]{appendix.Alph4}{Control de adicci\363n en el jugador}{}% 42
\BOOKMARK [1][-]{section.Alph4.1}{Notificaci\363n de confirmaci\363n para continuar la partida}{appendix.Alph4}% 43
\BOOKMARK [2][-]{subsection.Alph4.1.1}{Implicaciones}{section.Alph4.1}% 44
\BOOKMARK [1][-]{section.Alph4.2}{Control paterno}{appendix.Alph4}% 45
\BOOKMARK [2][-]{subsection.Alph4.2.1}{Implicaciones}{section.Alph4.2}% 46
\BOOKMARK [1][-]{section.Alph4.3}{Sistema de vidas}{appendix.Alph4}% 47
\BOOKMARK [2][-]{subsection.Alph4.3.1}{Implicaciones}{section.Alph4.3}% 48
\BOOKMARK [1][-]{section.Alph4.4}{Observaciones}{appendix.Alph4}% 49
\BOOKMARK [0][-]{appendix.Alph5}{Cuestionario de aceptaci\363n del juego}{}% 50
\BOOKMARK [0][-]{appendix.Alph6}{Resultados de la encuesta de aceptaci\363n}{}% 51
