\BOOKMARK [0][-]{chapter*.1}{Advertencia}{}% 1
\BOOKMARK [0][-]{chapter.1}{Introducci\363n}{}% 2
\BOOKMARK [0][-]{chapter.2}{Antecedentes}{}% 3
\BOOKMARK [1][-]{section.2.1}{Propuesta}{chapter.2}% 4
\BOOKMARK [2][-]{subsection.2.1.1}{Planteamiento del problema}{section.2.1}% 5
\BOOKMARK [2][-]{subsection.2.1.2}{Marco Teorico}{section.2.1}% 6
\BOOKMARK [2][-]{subsection.2.1.3}{Planteamiento de la soluci\363n}{section.2.1}% 7
\BOOKMARK [1][-]{section.2.2}{Ajustes al trabajo terminal}{chapter.2}% 8
\BOOKMARK [2][-]{subsection.2.2.1}{Correci\363n del enfoque de la soluci\363n}{section.2.2}% 9
\BOOKMARK [2][-]{subsection.2.2.2}{Nueva divisi\363n de trabajo}{section.2.2}% 10
\BOOKMARK [2][-]{subsection.2.2.3}{Actualizando el motor de juego}{section.2.2}% 11
\BOOKMARK [2][-]{subsection.2.2.4}{M\341quina de estados}{section.2.2}% 12
\BOOKMARK [1][-]{section.2.3}{Contribuciones}{chapter.2}% 13
\BOOKMARK [2][-]{subsection.2.3.1}{El juego}{section.2.3}% 14
\BOOKMARK [2][-]{subsection.2.3.2}{Modelo de negocios en un videojuego}{section.2.3}% 15
\BOOKMARK [2][-]{subsection.2.3.3}{Costo de hacer un videojuego}{section.2.3}% 16
\BOOKMARK [2][-]{subsection.2.3.4}{Vicio en el videojuego}{section.2.3}% 17
\BOOKMARK [2][-]{subsection.2.3.5}{Modelo de datos}{section.2.3}% 18
\BOOKMARK [2][-]{subsection.2.3.6}{Estrategias para combatir la adicci\363n entre los usuarios}{section.2.3}% 19
\BOOKMARK [1][-]{section.2.4}{Trabajo realizado durante trabajo terminal 1}{chapter.2}% 20
\BOOKMARK [2][-]{subsection.2.4.1}{Presentado en TT1}{section.2.4}% 21
\BOOKMARK [2][-]{subsection.2.4.2}{Etapa de Preproducci\363n}{section.2.4}% 22
\BOOKMARK [2][-]{subsection.2.4.3}{Etapa de producci\363n}{section.2.4}% 23
\BOOKMARK [0][-]{chapter.3}{Trabajo realizado}{}% 24
\BOOKMARK [1][-]{section.3.1}{Sprint plan 3}{chapter.3}% 25
\BOOKMARK [2][-]{subsection.3.1.1}{Sprint backlog 3}{section.3.1}% 26
\BOOKMARK [2][-]{subsection.3.1.2}{Task Slips 3}{section.3.1}% 27
\BOOKMARK [1][-]{section.3.2}{Cuarto sprint de producci\363n}{chapter.3}% 28
\BOOKMARK [2][-]{subsection.3.2.1}{Creaci\363n de las maquetas de los niveles pares restantes}{section.3.2}% 29
\BOOKMARK [2][-]{subsection.3.2.2}{Creaci\363n de los sprites faltantes}{section.3.2}% 30
\BOOKMARK [2][-]{subsection.3.2.3}{Cierre del sprint}{section.3.2}% 31
\BOOKMARK [1][-]{section.3.3}{Sprint plan 5}{chapter.3}% 32
\BOOKMARK [2][-]{subsection.3.3.1}{Feature log 5}{section.3.3}% 33
\BOOKMARK [2][-]{subsection.3.3.2}{Sprint backlog 5}{section.3.3}% 34
\BOOKMARK [2][-]{subsection.3.3.3}{Task Slips 5}{section.3.3}% 35
\BOOKMARK [1][-]{section.3.4}{Sexto sprint de producci\363n}{chapter.3}% 36
\BOOKMARK [2][-]{subsection.3.4.1}{Implementando los enemigos normales del juego}{section.3.4}% 37
\BOOKMARK [2][-]{subsection.3.4.2}{Implementando los enemigos jefes del juego}{section.3.4}% 38
\BOOKMARK [2][-]{subsection.3.4.3}{Implementando los ataques enemigos del juego}{section.3.4}% 39
\BOOKMARK [2][-]{subsection.3.4.4}{Implementando los obst\341culos}{section.3.4}% 40
\BOOKMARK [2][-]{subsection.3.4.5}{Implementando los \355tems y los objetos coleccionables}{section.3.4}% 41
\BOOKMARK [2][-]{subsection.3.4.6}{Implementaci\363n de los puntos de guardado}{section.3.4}% 42
\BOOKMARK [2][-]{subsection.3.4.7}{Cierre del sprint}{section.3.4}% 43
\BOOKMARK [1][-]{section.3.5}{Sprint plan 7}{chapter.3}% 44
\BOOKMARK [2][-]{subsection.3.5.1}{Sprint backlog 7}{section.3.5}% 45
\BOOKMARK [2][-]{subsection.3.5.2}{Task Slips 9}{section.3.5}% 46
\BOOKMARK [1][-]{section.3.6}{Octavo sprint de producci\363n}{chapter.3}% 47
\BOOKMARK [2][-]{subsection.3.6.1}{Controlador de Audio}{section.3.6}% 48
\BOOKMARK [2][-]{subsection.3.6.2}{Controlador de Di\341logos}{section.3.6}% 49
\BOOKMARK [2][-]{subsection.3.6.3}{Controlador de los datos del juego}{section.3.6}% 50
\BOOKMARK [2][-]{subsection.3.6.4}{Controlador de fin de la partida}{section.3.6}% 51
\BOOKMARK [2][-]{subsection.3.6.5}{Controlador de la barra de vida y de tonalli del jugador}{section.3.6}% 52
\BOOKMARK [2][-]{subsection.3.6.6}{Controlador del panel de marcadores}{section.3.6}% 53
\BOOKMARK [2][-]{subsection.3.6.7}{Controlador de pausa en el juego}{section.3.6}% 54
\BOOKMARK [2][-]{subsection.3.6.8}{Controlador de efectos especiales}{section.3.6}% 55
\BOOKMARK [2][-]{subsection.3.6.9}{Cierre del sprint}{section.3.6}% 56
\BOOKMARK [1][-]{section.3.7}{Sprint plan 9}{chapter.3}% 57
\BOOKMARK [2][-]{subsection.3.7.1}{Feature log 9}{section.3.7}% 58
\BOOKMARK [2][-]{subsection.3.7.2}{Sprint backlog 9}{section.3.7}% 59
\BOOKMARK [2][-]{subsection.3.7.3}{Task Slips 9}{section.3.7}% 60
\BOOKMARK [1][-]{section.3.8}{D\351cimo sprint de producci\363n}{chapter.3}% 61
\BOOKMARK [2][-]{subsection.3.8.1}{Construcci\363n del escenario}{section.3.8}% 62
\BOOKMARK [2][-]{subsection.3.8.2}{Configuraci\363n de la c\341mara}{section.3.8}% 63
\BOOKMARK [2][-]{subsection.3.8.3}{Creando el controlador del nivel}{section.3.8}% 64
\BOOKMARK [2][-]{subsection.3.8.4}{Creaci\363n de las cinem\341ticas del juego}{section.3.8}% 65
\BOOKMARK [2][-]{subsection.3.8.5}{Agregando la funcionalidad faltante al men\372 principal}{section.3.8}% 66
\BOOKMARK [2][-]{subsection.3.8.6}{Creaci\363n de la funcionalidad del men\372 de selecci\363n de nivel}{section.3.8}% 67
\BOOKMARK [2][-]{subsection.3.8.7}{Cierre del sprint}{section.3.8}% 68
\BOOKMARK [0][-]{chapter.4}{Resultados obtenidos}{}% 69
\BOOKMARK [1][-]{section.4.1}{Pruebas}{chapter.4}% 70
\BOOKMARK [2][-]{subsection.4.1.1}{Sprite packer}{section.4.1}% 71
\BOOKMARK [2][-]{subsection.4.1.2}{Mec\341nicas del juego}{section.4.1}% 72
\BOOKMARK [2][-]{subsection.4.1.3}{Din\341micas del juego}{section.4.1}% 73
\BOOKMARK [2][-]{subsection.4.1.4}{Est\351tica del juego}{section.4.1}% 74
\BOOKMARK [2][-]{subsection.4.1.5}{Prueba unitaria}{section.4.1}% 75
\BOOKMARK [2][-]{subsection.4.1.6}{Prueba de integraci\363n}{section.4.1}% 76
\BOOKMARK [2][-]{subsection.4.1.7}{Prueba de sistema}{section.4.1}% 77
\BOOKMARK [2][-]{subsection.4.1.8}{Prueba de rendimiento}{section.4.1}% 78
\BOOKMARK [2][-]{subsection.4.1.9}{Prueba de rendimiento}{section.4.1}% 79
\BOOKMARK [2][-]{subsection.4.1.10}{Prueba de Disfrute}{section.4.1}% 80
\BOOKMARK [1][-]{section.4.2}{Niveles terminados}{chapter.4}% 81
\BOOKMARK [0][-]{chapter.5}{Conclusiones}{}% 82
\BOOKMARK [1][-]{section.5.1}{Adiciones a la metodologia huddle}{chapter.5}% 83
\BOOKMARK [1][-]{section.5.2}{Trabajo a futuro}{chapter.5}% 84
\BOOKMARK [0][-]{chapter.6}{Anexos}{}% 85
\BOOKMARK [1][-]{section.6.1}{Interfaces}{chapter.6}% 86
\BOOKMARK [1][-]{section.6.2}{Dise\361o de Personajes}{chapter.6}% 87
\BOOKMARK [1][-]{section.6.3}{Modelo de Datos}{chapter.6}% 88
\BOOKMARK [1][-]{section.6.4}{Control de adicci\363n en el jugador}{chapter.6}% 89
\BOOKMARK [2][-]{subsection.6.4.1}{Notificaci\363n de confirmaci\363n para continuar la partida}{section.6.4}% 90
\BOOKMARK [2][-]{subsection.6.4.2}{Control paterno}{section.6.4}% 91
\BOOKMARK [2][-]{subsection.6.4.3}{Sistema de vidas}{section.6.4}% 92
\BOOKMARK [2][-]{subsection.6.4.4}{Observaciones}{section.6.4}% 93
\BOOKMARK [1][-]{section.6.5}{Cuestionario de disfrute del juego}{chapter.6}% 94
\BOOKMARK [1][-]{section.6.6}{Resultados de la encuesta del disfrute del juego}{chapter.6}% 95
